<?xml version="1.0" encoding="UTF-8"?>
<robot generator="Rebot 3.2.1 (Python 3.8.3 on darwin)" generated="20200822 20:03:37.734" rpa="false">
<suite id="s1" name="Suites">
<suite id="s1-s1" name="Datadriven" source="/Users/Parihar08/PycharmProjects/SeleniumPythonSession/com/qa/robotframework/testcases/datadriven.robot">
<kw name="openMyBrowser" library="login_resources" type="setup">
<kw name="Open Browser" library="SeleniumLibrary">
<doc>Opens a new browser instance to the given ``url``.</doc>
<arguments>
<arg>${appurl}</arg>
<arg>${appbrowser}</arg>
</arguments>
<msg timestamp="20200822 20:03:07.946" level="INFO">Opening browser 'chrome' to base url 'https://admin-demo.nopcommerce.com/'.</msg>
<status status="PASS" starttime="20200822 20:03:07.945" endtime="20200822 20:03:12.986"></status>
</kw>
<status status="PASS" starttime="20200822 20:03:07.944" endtime="20200822 20:03:12.987"></status>
</kw>
<kw name="quitBrowser" library="login_resources" type="teardown">
<kw name="Close Browser" library="SeleniumLibrary">
<doc>Closes the current browser.</doc>
<status status="PASS" starttime="20200822 20:03:37.236" endtime="20200822 20:03:37.336"></status>
</kw>
<status status="PASS" starttime="20200822 20:03:37.235" endtime="20200822 20:03:37.337"></status>
</kw>
<test id="s1-s1-t1" name="Correct User Empty password">
<kw name="Invalid Login">
<arguments>
<arg>admin@yourstore.com</arg>
<arg>${EMPTY}</arg>
</arguments>
<kw name="inputUsername" library="login_resources">
<arguments>
<arg>${username}</arg>
</arguments>
<kw name="Input Text" library="SeleniumLibrary">
<doc>Types the given ``text`` into text field identified by ``locator``.</doc>
<arguments>
<arg>id:Email</arg>
<arg>${username}</arg>
</arguments>
<msg timestamp="20200822 20:03:12.994" level="INFO">Typing text 'admin@yourstore.com' into text field 'id:Email'.</msg>
<status status="PASS" starttime="20200822 20:03:12.993" endtime="20200822 20:03:13.519"></status>
</kw>
<status status="PASS" starttime="20200822 20:03:12.991" endtime="20200822 20:03:13.519"></status>
</kw>
<kw name="inputPassword" library="login_resources">
<arguments>
<arg>${password}</arg>
</arguments>
<kw name="Input Text" library="SeleniumLibrary">
<doc>Types the given ``text`` into text field identified by ``locator``.</doc>
<arguments>
<arg>id:Password</arg>
<arg>${password}</arg>
</arguments>
<msg timestamp="20200822 20:03:13.520" level="INFO">Typing text '' into text field 'id:Password'.</msg>
<status status="PASS" starttime="20200822 20:03:13.520" endtime="20200822 20:03:13.922"></status>
</kw>
<status status="PASS" starttime="20200822 20:03:13.519" endtime="20200822 20:03:13.922"></status>
</kw>
<kw name="clickLoginBtn" library="login_resources">
<kw name="Click Element" library="SeleniumLibrary">
<doc>Click element identified by ``locator``.</doc>
<arguments>
<arg>xpath://input[@class='button-1 login-button']</arg>
</arguments>
<msg timestamp="20200822 20:03:13.923" level="INFO">Clicking element 'xpath://input[@class='button-1 login-button']'.</msg>
<status status="PASS" starttime="20200822 20:03:13.923" endtime="20200822 20:03:14.449"></status>
</kw>
<status status="PASS" starttime="20200822 20:03:13.922" endtime="20200822 20:03:14.450"></status>
</kw>
<kw name="IsErrorMsgVisible" library="login_resources">
<kw name="Page Should Contain" library="SeleniumLibrary">
<doc>Verifies that current page contains ``text``.</doc>
<arguments>
<arg>Login was unsuccessful</arg>
</arguments>
<msg timestamp="20200822 20:03:14.476" level="INFO">Current page contains text 'Login was unsuccessful'.</msg>
<status status="PASS" starttime="20200822 20:03:14.452" endtime="20200822 20:03:14.476"></status>
</kw>
<status status="PASS" starttime="20200822 20:03:14.450" endtime="20200822 20:03:14.476"></status>
</kw>
<kw name="waitFewSeconds" library="login_resources">
<kw name="Sleep" library="BuiltIn">
<doc>Pauses the test executed for the given time.</doc>
<arguments>
<arg>2</arg>
</arguments>
<msg timestamp="20200822 20:03:16.479" level="INFO">Slept 2 seconds</msg>
<status status="PASS" starttime="20200822 20:03:14.477" endtime="20200822 20:03:16.479"></status>
</kw>
<status status="PASS" starttime="20200822 20:03:14.476" endtime="20200822 20:03:16.480"></status>
</kw>
<status status="PASS" starttime="20200822 20:03:12.989" endtime="20200822 20:03:16.481"></status>
</kw>
<status status="PASS" starttime="20200822 20:03:12.987" endtime="20200822 20:03:16.481" critical="yes"></status>
</test>
<test id="s1-s1-t2" name="Correct User Wrong password">
<kw name="Invalid Login">
<arguments>
<arg>admin@yourstore.com</arg>
<arg>admin1</arg>
</arguments>
<kw name="inputUsername" library="login_resources">
<arguments>
<arg>${username}</arg>
</arguments>
<kw name="Input Text" library="SeleniumLibrary">
<doc>Types the given ``text`` into text field identified by ``locator``.</doc>
<arguments>
<arg>id:Email</arg>
<arg>${username}</arg>
</arguments>
<msg timestamp="20200822 20:03:16.487" level="INFO">Typing text 'admin@yourstore.com' into text field 'id:Email'.</msg>
<status status="PASS" starttime="20200822 20:03:16.486" endtime="20200822 20:03:16.798"></status>
</kw>
<status status="PASS" starttime="20200822 20:03:16.485" endtime="20200822 20:03:16.798"></status>
</kw>
<kw name="inputPassword" library="login_resources">
<arguments>
<arg>${password}</arg>
</arguments>
<kw name="Input Text" library="SeleniumLibrary">
<doc>Types the given ``text`` into text field identified by ``locator``.</doc>
<arguments>
<arg>id:Password</arg>
<arg>${password}</arg>
</arguments>
<msg timestamp="20200822 20:03:16.800" level="INFO">Typing text 'admin1' into text field 'id:Password'.</msg>
<status status="PASS" starttime="20200822 20:03:16.800" endtime="20200822 20:03:17.170"></status>
</kw>
<status status="PASS" starttime="20200822 20:03:16.799" endtime="20200822 20:03:17.170"></status>
</kw>
<kw name="clickLoginBtn" library="login_resources">
<kw name="Click Element" library="SeleniumLibrary">
<doc>Click element identified by ``locator``.</doc>
<arguments>
<arg>xpath://input[@class='button-1 login-button']</arg>
</arguments>
<msg timestamp="20200822 20:03:17.172" level="INFO">Clicking element 'xpath://input[@class='button-1 login-button']'.</msg>
<status status="PASS" starttime="20200822 20:03:17.172" endtime="20200822 20:03:17.724"></status>
</kw>
<status status="PASS" starttime="20200822 20:03:17.171" endtime="20200822 20:03:17.725"></status>
</kw>
<kw name="IsErrorMsgVisible" library="login_resources">
<kw name="Page Should Contain" library="SeleniumLibrary">
<doc>Verifies that current page contains ``text``.</doc>
<arguments>
<arg>Login was unsuccessful</arg>
</arguments>
<msg timestamp="20200822 20:03:17.750" level="INFO">Current page contains text 'Login was unsuccessful'.</msg>
<status status="PASS" starttime="20200822 20:03:17.726" endtime="20200822 20:03:17.750"></status>
</kw>
<status status="PASS" starttime="20200822 20:03:17.725" endtime="20200822 20:03:17.750"></status>
</kw>
<kw name="waitFewSeconds" library="login_resources">
<kw name="Sleep" library="BuiltIn">
<doc>Pauses the test executed for the given time.</doc>
<arguments>
<arg>2</arg>
</arguments>
<msg timestamp="20200822 20:03:19.752" level="INFO">Slept 2 seconds</msg>
<status status="PASS" starttime="20200822 20:03:17.751" endtime="20200822 20:03:19.752"></status>
</kw>
<status status="PASS" starttime="20200822 20:03:17.750" endtime="20200822 20:03:19.753"></status>
</kw>
<status status="PASS" starttime="20200822 20:03:16.483" endtime="20200822 20:03:19.753"></status>
</kw>
<status status="PASS" starttime="20200822 20:03:16.482" endtime="20200822 20:03:19.753" critical="yes"></status>
</test>
<test id="s1-s1-t3" name="Wrong User Wrong password">
<kw name="Invalid Login">
<arguments>
<arg>admin</arg>
<arg>admin1</arg>
</arguments>
<kw name="inputUsername" library="login_resources">
<arguments>
<arg>${username}</arg>
</arguments>
<kw name="Input Text" library="SeleniumLibrary">
<doc>Types the given ``text`` into text field identified by ``locator``.</doc>
<arguments>
<arg>id:Email</arg>
<arg>${username}</arg>
</arguments>
<msg timestamp="20200822 20:03:19.758" level="INFO">Typing text 'admin' into text field 'id:Email'.</msg>
<status status="PASS" starttime="20200822 20:03:19.757" endtime="20200822 20:03:19.842"></status>
</kw>
<status status="PASS" starttime="20200822 20:03:19.757" endtime="20200822 20:03:19.842"></status>
</kw>
<kw name="inputPassword" library="login_resources">
<arguments>
<arg>${password}</arg>
</arguments>
<kw name="Input Text" library="SeleniumLibrary">
<doc>Types the given ``text`` into text field identified by ``locator``.</doc>
<arguments>
<arg>id:Password</arg>
<arg>${password}</arg>
</arguments>
<msg timestamp="20200822 20:03:19.843" level="INFO">Typing text 'admin1' into text field 'id:Password'.</msg>
<status status="PASS" starttime="20200822 20:03:19.842" endtime="20200822 20:03:19.947"></status>
</kw>
<status status="PASS" starttime="20200822 20:03:19.842" endtime="20200822 20:03:19.947"></status>
</kw>
<kw name="clickLoginBtn" library="login_resources">
<kw name="Click Element" library="SeleniumLibrary">
<doc>Click element identified by ``locator``.</doc>
<arguments>
<arg>xpath://input[@class='button-1 login-button']</arg>
</arguments>
<msg timestamp="20200822 20:03:19.949" level="INFO">Clicking element 'xpath://input[@class='button-1 login-button']'.</msg>
<status status="PASS" starttime="20200822 20:03:19.949" endtime="20200822 20:03:20.008"></status>
</kw>
<status status="PASS" starttime="20200822 20:03:19.948" endtime="20200822 20:03:20.009"></status>
</kw>
<kw name="IsErrorMsgVisible" library="login_resources">
<kw name="Page Should Contain" library="SeleniumLibrary">
<doc>Verifies that current page contains ``text``.</doc>
<arguments>
<arg>Login was unsuccessful</arg>
</arguments>
<msg timestamp="20200822 20:03:20.022" level="INFO">Current page contains text 'Login was unsuccessful'.</msg>
<status status="PASS" starttime="20200822 20:03:20.009" endtime="20200822 20:03:20.022"></status>
</kw>
<status status="PASS" starttime="20200822 20:03:20.009" endtime="20200822 20:03:20.022"></status>
</kw>
<kw name="waitFewSeconds" library="login_resources">
<kw name="Sleep" library="BuiltIn">
<doc>Pauses the test executed for the given time.</doc>
<arguments>
<arg>2</arg>
</arguments>
<msg timestamp="20200822 20:03:22.024" level="INFO">Slept 2 seconds</msg>
<status status="PASS" starttime="20200822 20:03:20.023" endtime="20200822 20:03:22.024"></status>
</kw>
<status status="PASS" starttime="20200822 20:03:20.022" endtime="20200822 20:03:22.024"></status>
</kw>
<status status="PASS" starttime="20200822 20:03:19.756" endtime="20200822 20:03:22.025"></status>
</kw>
<status status="PASS" starttime="20200822 20:03:19.755" endtime="20200822 20:03:22.025" critical="yes"></status>
</test>
<test id="s1-s1-t4" name="Wrong User Empty password">
<kw name="Invalid Login">
<arguments>
<arg>admin@yourstore.com</arg>
<arg>${EMPTY}</arg>
</arguments>
<kw name="inputUsername" library="login_resources">
<arguments>
<arg>${username}</arg>
</arguments>
<kw name="Input Text" library="SeleniumLibrary">
<doc>Types the given ``text`` into text field identified by ``locator``.</doc>
<arguments>
<arg>id:Email</arg>
<arg>${username}</arg>
</arguments>
<msg timestamp="20200822 20:03:22.031" level="INFO">Typing text 'admin@yourstore.com' into text field 'id:Email'.</msg>
<status status="PASS" starttime="20200822 20:03:22.030" endtime="20200822 20:03:22.269"></status>
</kw>
<status status="PASS" starttime="20200822 20:03:22.029" endtime="20200822 20:03:22.270"></status>
</kw>
<kw name="inputPassword" library="login_resources">
<arguments>
<arg>${password}</arg>
</arguments>
<kw name="Input Text" library="SeleniumLibrary">
<doc>Types the given ``text`` into text field identified by ``locator``.</doc>
<arguments>
<arg>id:Password</arg>
<arg>${password}</arg>
</arguments>
<msg timestamp="20200822 20:03:22.272" level="INFO">Typing text '' into text field 'id:Password'.</msg>
<status status="PASS" starttime="20200822 20:03:22.271" endtime="20200822 20:03:22.339"></status>
</kw>
<status status="PASS" starttime="20200822 20:03:22.270" endtime="20200822 20:03:22.340"></status>
</kw>
<kw name="clickLoginBtn" library="login_resources">
<kw name="Click Element" library="SeleniumLibrary">
<doc>Click element identified by ``locator``.</doc>
<arguments>
<arg>xpath://input[@class='button-1 login-button']</arg>
</arguments>
<msg timestamp="20200822 20:03:22.341" level="INFO">Clicking element 'xpath://input[@class='button-1 login-button']'.</msg>
<status status="PASS" starttime="20200822 20:03:22.340" endtime="20200822 20:03:27.782"></status>
</kw>
<status status="PASS" starttime="20200822 20:03:22.340" endtime="20200822 20:03:27.782"></status>
</kw>
<kw name="IsErrorMsgVisible" library="login_resources">
<kw name="Page Should Contain" library="SeleniumLibrary">
<doc>Verifies that current page contains ``text``.</doc>
<arguments>
<arg>Login was unsuccessful</arg>
</arguments>
<msg timestamp="20200822 20:03:27.806" level="INFO">Current page contains text 'Login was unsuccessful'.</msg>
<status status="PASS" starttime="20200822 20:03:27.783" endtime="20200822 20:03:27.806"></status>
</kw>
<status status="PASS" starttime="20200822 20:03:27.783" endtime="20200822 20:03:27.807"></status>
</kw>
<kw name="waitFewSeconds" library="login_resources">
<kw name="Sleep" library="BuiltIn">
<doc>Pauses the test executed for the given time.</doc>
<arguments>
<arg>2</arg>
</arguments>
<msg timestamp="20200822 20:03:29.808" level="INFO">Slept 2 seconds</msg>
<status status="PASS" starttime="20200822 20:03:27.807" endtime="20200822 20:03:29.809"></status>
</kw>
<status status="PASS" starttime="20200822 20:03:27.807" endtime="20200822 20:03:29.809"></status>
</kw>
<status status="PASS" starttime="20200822 20:03:22.027" endtime="20200822 20:03:29.809"></status>
</kw>
<status status="PASS" starttime="20200822 20:03:22.025" endtime="20200822 20:03:29.810" critical="yes"></status>
</test>
<test id="s1-s1-t5" name="Wrong User Wrong password">
<kw name="Invalid Login">
<arguments>
<arg>admin</arg>
<arg>admin1</arg>
</arguments>
<kw name="inputUsername" library="login_resources">
<arguments>
<arg>${username}</arg>
</arguments>
<kw name="Input Text" library="SeleniumLibrary">
<doc>Types the given ``text`` into text field identified by ``locator``.</doc>
<arguments>
<arg>id:Email</arg>
<arg>${username}</arg>
</arguments>
<msg timestamp="20200822 20:03:29.813" level="INFO">Typing text 'admin' into text field 'id:Email'.</msg>
<status status="PASS" starttime="20200822 20:03:29.813" endtime="20200822 20:03:29.900"></status>
</kw>
<status status="PASS" starttime="20200822 20:03:29.812" endtime="20200822 20:03:29.900"></status>
</kw>
<kw name="inputPassword" library="login_resources">
<arguments>
<arg>${password}</arg>
</arguments>
<kw name="Input Text" library="SeleniumLibrary">
<doc>Types the given ``text`` into text field identified by ``locator``.</doc>
<arguments>
<arg>id:Password</arg>
<arg>${password}</arg>
</arguments>
<msg timestamp="20200822 20:03:29.901" level="INFO">Typing text 'admin1' into text field 'id:Password'.</msg>
<status status="PASS" starttime="20200822 20:03:29.901" endtime="20200822 20:03:29.998"></status>
</kw>
<status status="PASS" starttime="20200822 20:03:29.900" endtime="20200822 20:03:29.998"></status>
</kw>
<kw name="clickLoginBtn" library="login_resources">
<kw name="Click Element" library="SeleniumLibrary">
<doc>Click element identified by ``locator``.</doc>
<arguments>
<arg>xpath://input[@class='button-1 login-button']</arg>
</arguments>
<msg timestamp="20200822 20:03:29.999" level="INFO">Clicking element 'xpath://input[@class='button-1 login-button']'.</msg>
<status status="PASS" starttime="20200822 20:03:29.999" endtime="20200822 20:03:35.217"></status>
</kw>
<status status="PASS" starttime="20200822 20:03:29.998" endtime="20200822 20:03:35.217"></status>
</kw>
<kw name="IsErrorMsgVisible" library="login_resources">
<kw name="Page Should Contain" library="SeleniumLibrary">
<doc>Verifies that current page contains ``text``.</doc>
<arguments>
<arg>Login was unsuccessful</arg>
</arguments>
<msg timestamp="20200822 20:03:35.230" level="INFO">Current page contains text 'Login was unsuccessful'.</msg>
<status status="PASS" starttime="20200822 20:03:35.218" endtime="20200822 20:03:35.230"></status>
</kw>
<status status="PASS" starttime="20200822 20:03:35.217" endtime="20200822 20:03:35.231"></status>
</kw>
<kw name="waitFewSeconds" library="login_resources">
<kw name="Sleep" library="BuiltIn">
<doc>Pauses the test executed for the given time.</doc>
<arguments>
<arg>2</arg>
</arguments>
<msg timestamp="20200822 20:03:37.232" level="INFO">Slept 2 seconds</msg>
<status status="PASS" starttime="20200822 20:03:35.231" endtime="20200822 20:03:37.233"></status>
</kw>
<status status="PASS" starttime="20200822 20:03:35.231" endtime="20200822 20:03:37.233"></status>
</kw>
<status status="PASS" starttime="20200822 20:03:29.812" endtime="20200822 20:03:37.233"></status>
</kw>
<status status="PASS" starttime="20200822 20:03:29.811" endtime="20200822 20:03:37.233" critical="yes"></status>
</test>
<status status="PASS" starttime="20200822 20:03:07.602" endtime="20200822 20:03:37.337"></status>
</suite>
<suite id="s1-s2" name="Datadrivencsv" source="/Users/Parihar08/PycharmProjects/SeleniumPythonSession/com/qa/robotframework/testcases/datadrivencsv.robot">
<kw name="openMyBrowser" library="login_resources" type="setup">
<kw name="Open Browser" library="SeleniumLibrary">
<doc>Opens a new browser instance to the given ``url``.</doc>
<arguments>
<arg>${appurl}</arg>
<arg>${appbrowser}</arg>
</arguments>
<msg timestamp="20200822 20:03:07.975" level="INFO">Opening browser 'chrome' to base url 'https://admin-demo.nopcommerce.com/'.</msg>
<status status="PASS" starttime="20200822 20:03:07.975" endtime="20200822 20:03:13.051"></status>
</kw>
<status status="PASS" starttime="20200822 20:03:07.974" endtime="20200822 20:03:13.052"></status>
</kw>
<kw name="quitBrowser" library="login_resources" type="teardown">
<kw name="Close Browser" library="SeleniumLibrary">
<doc>Closes the current browser.</doc>
<status status="PASS" starttime="20200822 20:03:23.016" endtime="20200822 20:03:23.116"></status>
</kw>
<status status="PASS" starttime="20200822 20:03:23.015" endtime="20200822 20:03:23.117"></status>
</kw>
<test id="s1-s2-t1" name="LoginTestWithExcel using admin@yourstore.com and adm">
<kw name="Invalid Login">
<arguments>
<arg>admin@yourstore.com</arg>
<arg>adm</arg>
</arguments>
<kw name="inputUsername" library="login_resources">
<arguments>
<arg>${username}</arg>
</arguments>
<kw name="Input Text" library="SeleniumLibrary">
<doc>Types the given ``text`` into text field identified by ``locator``.</doc>
<arguments>
<arg>id:Email</arg>
<arg>${username}</arg>
</arguments>
<msg timestamp="20200822 20:03:13.057" level="INFO">Typing text 'admin@yourstore.com' into text field 'id:Email'.</msg>
<status status="PASS" starttime="20200822 20:03:13.056" endtime="20200822 20:03:13.492"></status>
</kw>
<status status="PASS" starttime="20200822 20:03:13.056" endtime="20200822 20:03:13.493"></status>
</kw>
<kw name="inputPassword" library="login_resources">
<arguments>
<arg>${password}</arg>
</arguments>
<kw name="Input Text" library="SeleniumLibrary">
<doc>Types the given ``text`` into text field identified by ``locator``.</doc>
<arguments>
<arg>id:Password</arg>
<arg>${password}</arg>
</arguments>
<msg timestamp="20200822 20:03:13.495" level="INFO">Typing text 'adm' into text field 'id:Password'.</msg>
<status status="PASS" starttime="20200822 20:03:13.495" endtime="20200822 20:03:14.084"></status>
</kw>
<status status="PASS" starttime="20200822 20:03:13.493" endtime="20200822 20:03:14.084"></status>
</kw>
<kw name="clickLoginBtn" library="login_resources">
<kw name="Click Element" library="SeleniumLibrary">
<doc>Click element identified by ``locator``.</doc>
<arguments>
<arg>xpath://input[@class='button-1 login-button']</arg>
</arguments>
<msg timestamp="20200822 20:03:14.086" level="INFO">Clicking element 'xpath://input[@class='button-1 login-button']'.</msg>
<status status="PASS" starttime="20200822 20:03:14.085" endtime="20200822 20:03:14.896"></status>
</kw>
<status status="PASS" starttime="20200822 20:03:14.084" endtime="20200822 20:03:14.896"></status>
</kw>
<kw name="IsErrorMsgVisible" library="login_resources">
<kw name="Page Should Contain" library="SeleniumLibrary">
<doc>Verifies that current page contains ``text``.</doc>
<arguments>
<arg>Login was unsuccessful</arg>
</arguments>
<msg timestamp="20200822 20:03:14.946" level="INFO">Current page contains text 'Login was unsuccessful'.</msg>
<status status="PASS" starttime="20200822 20:03:14.898" endtime="20200822 20:03:14.947"></status>
</kw>
<status status="PASS" starttime="20200822 20:03:14.897" endtime="20200822 20:03:14.947"></status>
</kw>
<kw name="waitFewSeconds" library="login_resources">
<kw name="Sleep" library="BuiltIn">
<doc>Pauses the test executed for the given time.</doc>
<arguments>
<arg>2</arg>
</arguments>
<msg timestamp="20200822 20:03:16.950" level="INFO">Slept 2 seconds</msg>
<status status="PASS" starttime="20200822 20:03:14.949" endtime="20200822 20:03:16.950"></status>
</kw>
<status status="PASS" starttime="20200822 20:03:14.948" endtime="20200822 20:03:16.951"></status>
</kw>
<status status="PASS" starttime="20200822 20:03:13.055" endtime="20200822 20:03:16.951"></status>
</kw>
<status status="PASS" starttime="20200822 20:03:13.052" endtime="20200822 20:03:16.952" critical="yes"></status>
</test>
<test id="s1-s2-t2" name="LoginTestWithExcel using adm@yourstore.com and admin">
<kw name="Invalid Login">
<arguments>
<arg>adm@yourstore.com</arg>
<arg>admin</arg>
</arguments>
<kw name="inputUsername" library="login_resources">
<arguments>
<arg>${username}</arg>
</arguments>
<kw name="Input Text" library="SeleniumLibrary">
<doc>Types the given ``text`` into text field identified by ``locator``.</doc>
<arguments>
<arg>id:Email</arg>
<arg>${username}</arg>
</arguments>
<msg timestamp="20200822 20:03:16.959" level="INFO">Typing text 'adm@yourstore.com' into text field 'id:Email'.</msg>
<status status="PASS" starttime="20200822 20:03:16.958" endtime="20200822 20:03:17.223"></status>
</kw>
<status status="PASS" starttime="20200822 20:03:16.957" endtime="20200822 20:03:17.224"></status>
</kw>
<kw name="inputPassword" library="login_resources">
<arguments>
<arg>${password}</arg>
</arguments>
<kw name="Input Text" library="SeleniumLibrary">
<doc>Types the given ``text`` into text field identified by ``locator``.</doc>
<arguments>
<arg>id:Password</arg>
<arg>${password}</arg>
</arguments>
<msg timestamp="20200822 20:03:17.226" level="INFO">Typing text 'admin' into text field 'id:Password'.</msg>
<status status="PASS" starttime="20200822 20:03:17.225" endtime="20200822 20:03:17.537"></status>
</kw>
<status status="PASS" starttime="20200822 20:03:17.224" endtime="20200822 20:03:17.538"></status>
</kw>
<kw name="clickLoginBtn" library="login_resources">
<kw name="Click Element" library="SeleniumLibrary">
<doc>Click element identified by ``locator``.</doc>
<arguments>
<arg>xpath://input[@class='button-1 login-button']</arg>
</arguments>
<msg timestamp="20200822 20:03:17.539" level="INFO">Clicking element 'xpath://input[@class='button-1 login-button']'.</msg>
<status status="PASS" starttime="20200822 20:03:17.539" endtime="20200822 20:03:17.958"></status>
</kw>
<status status="PASS" starttime="20200822 20:03:17.538" endtime="20200822 20:03:17.958"></status>
</kw>
<kw name="IsErrorMsgVisible" library="login_resources">
<kw name="Page Should Contain" library="SeleniumLibrary">
<doc>Verifies that current page contains ``text``.</doc>
<arguments>
<arg>Login was unsuccessful</arg>
</arguments>
<msg timestamp="20200822 20:03:18.017" level="INFO">Current page contains text 'Login was unsuccessful'.</msg>
<status status="PASS" starttime="20200822 20:03:17.959" endtime="20200822 20:03:18.017"></status>
</kw>
<status status="PASS" starttime="20200822 20:03:17.958" endtime="20200822 20:03:18.017"></status>
</kw>
<kw name="waitFewSeconds" library="login_resources">
<kw name="Sleep" library="BuiltIn">
<doc>Pauses the test executed for the given time.</doc>
<arguments>
<arg>2</arg>
</arguments>
<msg timestamp="20200822 20:03:20.020" level="INFO">Slept 2 seconds</msg>
<status status="PASS" starttime="20200822 20:03:18.019" endtime="20200822 20:03:20.020"></status>
</kw>
<status status="PASS" starttime="20200822 20:03:18.018" endtime="20200822 20:03:20.021"></status>
</kw>
<status status="PASS" starttime="20200822 20:03:16.955" endtime="20200822 20:03:20.021"></status>
</kw>
<status status="PASS" starttime="20200822 20:03:16.953" endtime="20200822 20:03:20.021" critical="yes"></status>
</test>
<test id="s1-s2-t3" name="LoginTestWithExcel using adm1@yourstore.com and adm">
<kw name="Invalid Login">
<arguments>
<arg>adm1@yourstore.com</arg>
<arg>adm</arg>
</arguments>
<kw name="inputUsername" library="login_resources">
<arguments>
<arg>${username}</arg>
</arguments>
<kw name="Input Text" library="SeleniumLibrary">
<doc>Types the given ``text`` into text field identified by ``locator``.</doc>
<arguments>
<arg>id:Email</arg>
<arg>${username}</arg>
</arguments>
<msg timestamp="20200822 20:03:20.024" level="INFO">Typing text 'adm1@yourstore.com' into text field 'id:Email'.</msg>
<status status="PASS" starttime="20200822 20:03:20.024" endtime="20200822 20:03:20.168"></status>
</kw>
<status status="PASS" starttime="20200822 20:03:20.023" endtime="20200822 20:03:20.168"></status>
</kw>
<kw name="inputPassword" library="login_resources">
<arguments>
<arg>${password}</arg>
</arguments>
<kw name="Input Text" library="SeleniumLibrary">
<doc>Types the given ``text`` into text field identified by ``locator``.</doc>
<arguments>
<arg>id:Password</arg>
<arg>${password}</arg>
</arguments>
<msg timestamp="20200822 20:03:20.169" level="INFO">Typing text 'adm' into text field 'id:Password'.</msg>
<status status="PASS" starttime="20200822 20:03:20.169" endtime="20200822 20:03:20.249"></status>
</kw>
<status status="PASS" starttime="20200822 20:03:20.168" endtime="20200822 20:03:20.250"></status>
</kw>
<kw name="clickLoginBtn" library="login_resources">
<kw name="Click Element" library="SeleniumLibrary">
<doc>Click element identified by ``locator``.</doc>
<arguments>
<arg>xpath://input[@class='button-1 login-button']</arg>
</arguments>
<msg timestamp="20200822 20:03:20.251" level="INFO">Clicking element 'xpath://input[@class='button-1 login-button']'.</msg>
<status status="PASS" starttime="20200822 20:03:20.250" endtime="20200822 20:03:20.966"></status>
</kw>
<status status="PASS" starttime="20200822 20:03:20.250" endtime="20200822 20:03:20.966"></status>
</kw>
<kw name="IsErrorMsgVisible" library="login_resources">
<kw name="Page Should Contain" library="SeleniumLibrary">
<doc>Verifies that current page contains ``text``.</doc>
<arguments>
<arg>Login was unsuccessful</arg>
</arguments>
<msg timestamp="20200822 20:03:21.000" level="INFO">Current page contains text 'Login was unsuccessful'.</msg>
<status status="PASS" starttime="20200822 20:03:20.967" endtime="20200822 20:03:21.000"></status>
</kw>
<status status="PASS" starttime="20200822 20:03:20.966" endtime="20200822 20:03:21.001"></status>
</kw>
<kw name="waitFewSeconds" library="login_resources">
<kw name="Sleep" library="BuiltIn">
<doc>Pauses the test executed for the given time.</doc>
<arguments>
<arg>2</arg>
</arguments>
<msg timestamp="20200822 20:03:23.009" level="INFO">Slept 2 seconds</msg>
<status status="PASS" starttime="20200822 20:03:21.006" endtime="20200822 20:03:23.009"></status>
</kw>
<status status="PASS" starttime="20200822 20:03:21.003" endtime="20200822 20:03:23.010"></status>
</kw>
<status status="PASS" starttime="20200822 20:03:20.023" endtime="20200822 20:03:23.010"></status>
</kw>
<status status="PASS" starttime="20200822 20:03:20.022" endtime="20200822 20:03:23.011" critical="yes"></status>
</test>
<status status="PASS" starttime="20200822 20:03:07.590" endtime="20200822 20:03:23.117"></status>
</suite>
<suite id="s1-s3" name="Datadrivenexcel" source="/Users/Parihar08/PycharmProjects/SeleniumPythonSession/com/qa/robotframework/testcases/datadrivenexcel.robot">
<kw name="openMyBrowser" library="login_resources" type="setup">
<kw name="Open Browser" library="SeleniumLibrary">
<doc>Opens a new browser instance to the given ``url``.</doc>
<arguments>
<arg>${appurl}</arg>
<arg>${appbrowser}</arg>
</arguments>
<msg timestamp="20200822 20:03:08.409" level="INFO">Opening browser 'chrome' to base url 'https://admin-demo.nopcommerce.com/'.</msg>
<status status="PASS" starttime="20200822 20:03:08.409" endtime="20200822 20:03:18.007"></status>
</kw>
<status status="PASS" starttime="20200822 20:03:08.409" endtime="20200822 20:03:18.008"></status>
</kw>
<kw name="quitBrowser" library="login_resources" type="teardown">
<kw name="Close Browser" library="SeleniumLibrary">
<doc>Closes the current browser.</doc>
<status status="PASS" starttime="20200822 20:03:37.096" endtime="20200822 20:03:37.190"></status>
</kw>
<status status="PASS" starttime="20200822 20:03:37.095" endtime="20200822 20:03:37.190"></status>
</kw>
<test id="s1-s3-t1" name="LoginTestWithExcel using admin@yourstore.com and adm">
<kw name="Invalid Login">
<arguments>
<arg>admin@yourstore.com</arg>
<arg>adm</arg>
</arguments>
<kw name="inputUsername" library="login_resources">
<arguments>
<arg>${username}</arg>
</arguments>
<kw name="Input Text" library="SeleniumLibrary">
<doc>Types the given ``text`` into text field identified by ``locator``.</doc>
<arguments>
<arg>id:Email</arg>
<arg>${username}</arg>
</arguments>
<msg timestamp="20200822 20:03:18.016" level="INFO">Typing text 'admin@yourstore.com' into text field 'id:Email'.</msg>
<status status="PASS" starttime="20200822 20:03:18.015" endtime="20200822 20:03:18.353"></status>
</kw>
<status status="PASS" starttime="20200822 20:03:18.013" endtime="20200822 20:03:18.354"></status>
</kw>
<kw name="inputPassword" library="login_resources">
<arguments>
<arg>${password}</arg>
</arguments>
<kw name="Input Text" library="SeleniumLibrary">
<doc>Types the given ``text`` into text field identified by ``locator``.</doc>
<arguments>
<arg>id:Password</arg>
<arg>${password}</arg>
</arguments>
<msg timestamp="20200822 20:03:18.356" level="INFO">Typing text 'adm' into text field 'id:Password'.</msg>
<status status="PASS" starttime="20200822 20:03:18.356" endtime="20200822 20:03:18.528"></status>
</kw>
<status status="PASS" starttime="20200822 20:03:18.354" endtime="20200822 20:03:18.529"></status>
</kw>
<kw name="clickLoginBtn" library="login_resources">
<kw name="Click Element" library="SeleniumLibrary">
<doc>Click element identified by ``locator``.</doc>
<arguments>
<arg>xpath://input[@class='button-1 login-button']</arg>
</arguments>
<msg timestamp="20200822 20:03:18.532" level="INFO">Clicking element 'xpath://input[@class='button-1 login-button']'.</msg>
<status status="PASS" starttime="20200822 20:03:18.531" endtime="20200822 20:03:19.335"></status>
</kw>
<status status="PASS" starttime="20200822 20:03:18.529" endtime="20200822 20:03:19.335"></status>
</kw>
<kw name="IsErrorMsgVisible" library="login_resources">
<kw name="Page Should Contain" library="SeleniumLibrary">
<doc>Verifies that current page contains ``text``.</doc>
<arguments>
<arg>Login was unsuccessful</arg>
</arguments>
<msg timestamp="20200822 20:03:19.358" level="INFO">Current page contains text 'Login was unsuccessful'.</msg>
<status status="PASS" starttime="20200822 20:03:19.337" endtime="20200822 20:03:19.358"></status>
</kw>
<status status="PASS" starttime="20200822 20:03:19.336" endtime="20200822 20:03:19.358"></status>
</kw>
<kw name="waitFewSeconds" library="login_resources">
<kw name="Sleep" library="BuiltIn">
<doc>Pauses the test executed for the given time.</doc>
<arguments>
<arg>2</arg>
</arguments>
<msg timestamp="20200822 20:03:21.360" level="INFO">Slept 2 seconds</msg>
<status status="PASS" starttime="20200822 20:03:19.359" endtime="20200822 20:03:21.360"></status>
</kw>
<status status="PASS" starttime="20200822 20:03:19.359" endtime="20200822 20:03:21.360"></status>
</kw>
<status status="PASS" starttime="20200822 20:03:18.011" endtime="20200822 20:03:21.361"></status>
</kw>
<status status="PASS" starttime="20200822 20:03:18.008" endtime="20200822 20:03:21.361" critical="yes"></status>
</test>
<test id="s1-s3-t2" name="LoginTestWithExcel using adm@yourstore.com and admin">
<kw name="Invalid Login">
<arguments>
<arg>adm@yourstore.com</arg>
<arg>admin</arg>
</arguments>
<kw name="inputUsername" library="login_resources">
<arguments>
<arg>${username}</arg>
</arguments>
<kw name="Input Text" library="SeleniumLibrary">
<doc>Types the given ``text`` into text field identified by ``locator``.</doc>
<arguments>
<arg>id:Email</arg>
<arg>${username}</arg>
</arguments>
<msg timestamp="20200822 20:03:21.365" level="INFO">Typing text 'adm@yourstore.com' into text field 'id:Email'.</msg>
<status status="PASS" starttime="20200822 20:03:21.364" endtime="20200822 20:03:21.532"></status>
</kw>
<status status="PASS" starttime="20200822 20:03:21.363" endtime="20200822 20:03:21.533"></status>
</kw>
<kw name="inputPassword" library="login_resources">
<arguments>
<arg>${password}</arg>
</arguments>
<kw name="Input Text" library="SeleniumLibrary">
<doc>Types the given ``text`` into text field identified by ``locator``.</doc>
<arguments>
<arg>id:Password</arg>
<arg>${password}</arg>
</arguments>
<msg timestamp="20200822 20:03:21.534" level="INFO">Typing text 'admin' into text field 'id:Password'.</msg>
<status status="PASS" starttime="20200822 20:03:21.534" endtime="20200822 20:03:21.778"></status>
</kw>
<status status="PASS" starttime="20200822 20:03:21.533" endtime="20200822 20:03:21.779"></status>
</kw>
<kw name="clickLoginBtn" library="login_resources">
<kw name="Click Element" library="SeleniumLibrary">
<doc>Click element identified by ``locator``.</doc>
<arguments>
<arg>xpath://input[@class='button-1 login-button']</arg>
</arguments>
<msg timestamp="20200822 20:03:21.780" level="INFO">Clicking element 'xpath://input[@class='button-1 login-button']'.</msg>
<status status="PASS" starttime="20200822 20:03:21.780" endtime="20200822 20:03:27.331"></status>
</kw>
<status status="PASS" starttime="20200822 20:03:21.779" endtime="20200822 20:03:27.332"></status>
</kw>
<kw name="IsErrorMsgVisible" library="login_resources">
<kw name="Page Should Contain" library="SeleniumLibrary">
<doc>Verifies that current page contains ``text``.</doc>
<arguments>
<arg>Login was unsuccessful</arg>
</arguments>
<msg timestamp="20200822 20:03:27.359" level="INFO">Current page contains text 'Login was unsuccessful'.</msg>
<status status="PASS" starttime="20200822 20:03:27.333" endtime="20200822 20:03:27.359"></status>
</kw>
<status status="PASS" starttime="20200822 20:03:27.332" endtime="20200822 20:03:27.360"></status>
</kw>
<kw name="waitFewSeconds" library="login_resources">
<kw name="Sleep" library="BuiltIn">
<doc>Pauses the test executed for the given time.</doc>
<arguments>
<arg>2</arg>
</arguments>
<msg timestamp="20200822 20:03:29.362" level="INFO">Slept 2 seconds</msg>
<status status="PASS" starttime="20200822 20:03:27.361" endtime="20200822 20:03:29.363"></status>
</kw>
<status status="PASS" starttime="20200822 20:03:27.360" endtime="20200822 20:03:29.363"></status>
</kw>
<status status="PASS" starttime="20200822 20:03:21.362" endtime="20200822 20:03:29.364"></status>
</kw>
<status status="PASS" starttime="20200822 20:03:21.362" endtime="20200822 20:03:29.364" critical="yes"></status>
</test>
<test id="s1-s3-t3" name="LoginTestWithExcel using adm@yourstore.com and adm">
<kw name="Invalid Login">
<arguments>
<arg>adm@yourstore.com</arg>
<arg>adm</arg>
</arguments>
<kw name="inputUsername" library="login_resources">
<arguments>
<arg>${username}</arg>
</arguments>
<kw name="Input Text" library="SeleniumLibrary">
<doc>Types the given ``text`` into text field identified by ``locator``.</doc>
<arguments>
<arg>id:Email</arg>
<arg>${username}</arg>
</arguments>
<msg timestamp="20200822 20:03:29.373" level="INFO">Typing text 'adm@yourstore.com' into text field 'id:Email'.</msg>
<status status="PASS" starttime="20200822 20:03:29.372" endtime="20200822 20:03:29.523"></status>
</kw>
<status status="PASS" starttime="20200822 20:03:29.371" endtime="20200822 20:03:29.524"></status>
</kw>
<kw name="inputPassword" library="login_resources">
<arguments>
<arg>${password}</arg>
</arguments>
<kw name="Input Text" library="SeleniumLibrary">
<doc>Types the given ``text`` into text field identified by ``locator``.</doc>
<arguments>
<arg>id:Password</arg>
<arg>${password}</arg>
</arguments>
<msg timestamp="20200822 20:03:29.525" level="INFO">Typing text 'adm' into text field 'id:Password'.</msg>
<status status="PASS" starttime="20200822 20:03:29.525" endtime="20200822 20:03:29.610"></status>
</kw>
<status status="PASS" starttime="20200822 20:03:29.524" endtime="20200822 20:03:29.611"></status>
</kw>
<kw name="clickLoginBtn" library="login_resources">
<kw name="Click Element" library="SeleniumLibrary">
<doc>Click element identified by ``locator``.</doc>
<arguments>
<arg>xpath://input[@class='button-1 login-button']</arg>
</arguments>
<msg timestamp="20200822 20:03:29.612" level="INFO">Clicking element 'xpath://input[@class='button-1 login-button']'.</msg>
<status status="PASS" starttime="20200822 20:03:29.612" endtime="20200822 20:03:35.074"></status>
</kw>
<status status="PASS" starttime="20200822 20:03:29.611" endtime="20200822 20:03:35.074"></status>
</kw>
<kw name="IsErrorMsgVisible" library="login_resources">
<kw name="Page Should Contain" library="SeleniumLibrary">
<doc>Verifies that current page contains ``text``.</doc>
<arguments>
<arg>Login was unsuccessful</arg>
</arguments>
<msg timestamp="20200822 20:03:35.086" level="INFO">Current page contains text 'Login was unsuccessful'.</msg>
<status status="PASS" starttime="20200822 20:03:35.075" endtime="20200822 20:03:35.087"></status>
</kw>
<status status="PASS" starttime="20200822 20:03:35.074" endtime="20200822 20:03:35.087"></status>
</kw>
<kw name="waitFewSeconds" library="login_resources">
<kw name="Sleep" library="BuiltIn">
<doc>Pauses the test executed for the given time.</doc>
<arguments>
<arg>2</arg>
</arguments>
<msg timestamp="20200822 20:03:37.090" level="INFO">Slept 2 seconds</msg>
<status status="PASS" starttime="20200822 20:03:35.088" endtime="20200822 20:03:37.090"></status>
</kw>
<status status="PASS" starttime="20200822 20:03:35.087" endtime="20200822 20:03:37.090"></status>
</kw>
<status status="PASS" starttime="20200822 20:03:29.369" endtime="20200822 20:03:37.091"></status>
</kw>
<status status="PASS" starttime="20200822 20:03:29.368" endtime="20200822 20:03:37.091" critical="yes"></status>
</test>
<status status="PASS" starttime="20200822 20:03:07.599" endtime="20200822 20:03:37.190"></status>
</suite>
<doc>[https://pabot.org/?ref=log|Pabot] result from 3 executions.</doc>
<status status="PASS" starttime="20200822 20:03:07.547" endtime="20200822 20:03:37.350"></status>
</suite>
<statistics>
<total>
<stat pass="11" fail="0">Critical Tests</stat>
<stat pass="11" fail="0">All Tests</stat>
</total>
<tag>
</tag>
<suite>
<stat pass="11" fail="0" id="s1" name="Suites">Suites</stat>
<stat pass="5" fail="0" id="s1-s1" name="Datadriven">Suites.Datadriven</stat>
<stat pass="3" fail="0" id="s1-s2" name="Datadrivencsv">Suites.Datadrivencsv</stat>
<stat pass="3" fail="0" id="s1-s3" name="Datadrivenexcel">Suites.Datadrivenexcel</stat>
</suite>
</statistics>
<errors>
<msg timestamp="20200822 20:03:29.810" level="WARN">Multiple test cases with name 'Wrong User Wrong password' executed in test suite 'Suites.Datadriven'.</msg>
</errors>
</robot>
