<?xml version="1.0" encoding="UTF-8"?>
<robot generator="Robot 3.2.1 (Python 3.8.3 on darwin)" generated="20200824 19:46:20.217" rpa="false">
<suite id="s1" name="googleMapAPIKeyAuth" source="/Users/Parihar08/PycharmProjects/SeleniumPythonSession/com/qa/rfrestapi/testcases/googleMapAPIKeyAuth.robot">
<test id="s1-t1" name="Google Map Places API Key Authentication Validation">
<kw name="Create Session" library="RequestsLibrary">
<doc>Create Session: create a HTTP session to a server</doc>
<arguments>
<arg>mysession</arg>
<arg>${baseUrl}</arg>
</arguments>
<msg timestamp="20200824 19:46:20.517" level="INFO">Creating Session using : alias=mysession, url=https://maps.googleapis.com, headers={},                     cookies={}, auth=None, timeout=None, proxies=None, verify=False,                     debug=0 </msg>
<status status="PASS" starttime="20200824 19:46:20.517" endtime="20200824 19:46:20.518"></status>
</kw>
<kw name="Create Dictionary" library="BuiltIn">
<doc>Creates and returns a dictionary based on the given ``items``.</doc>
<arguments>
<arg>location=-33.8670522,151.1957362</arg>
<arg>radius=500</arg>
<arg>types=food</arg>
<arg>name=harbour</arg>
<arg>key=AIzaSyCuYcs3cIUGJC-9Qk7J6YGwke9i5NZCIvs</arg>
</arguments>
<assign>
<var>${params}</var>
</assign>
<msg timestamp="20200824 19:46:20.519" level="INFO">${params} = {'location': '-33.8670522,151.1957362', 'radius': '500', 'types': 'food', 'name': 'harbour', 'key': 'AIzaSyCuYcs3cIUGJC-9Qk7J6YGwke9i5NZCIvs'}</msg>
<status status="PASS" starttime="20200824 19:46:20.518" endtime="20200824 19:46:20.519"></status>
</kw>
<kw name="Get Request" library="RequestsLibrary">
<doc>Send a GET request on the session object found using the
given `alias`</doc>
<arguments>
<arg>mysession</arg>
<arg>${resource}</arg>
<arg>params=${params}</arg>
</arguments>
<assign>
<var>${response}</var>
</assign>
<msg timestamp="20200824 19:46:20.695" level="INFO">GET Request : url=https://maps.googleapis.com/maps/api/place/nearbysearch/xml?location=-33.8670522%2C151.1957362&amp;radius=500&amp;types=food&amp;name=harbour&amp;key=AIzaSyCuYcs3cIUGJC-9Qk7J6YGwke9i5NZCIvs 
 path_url=/maps/api/place/nearbysearch/xml?location=-33.8670522%2C151.1957362&amp;radius=500&amp;types=food&amp;name=harbour&amp;key=AIzaSyCuYcs3cIUGJC-9Qk7J6YGwke9i5NZCIvs 
 headers={'User-Agent': 'python-requests/2.24.0', 'Accept-Encoding': 'gzip, deflate', 'Accept': '*/*', 'Connection': 'keep-alive'} 
 body=None 
 </msg>
<msg timestamp="20200824 19:46:20.695" level="INFO">GET Response : url=https://maps.googleapis.com/maps/api/place/nearbysearch/xml?location=-33.8670522%2C151.1957362&amp;radius=500&amp;types=food&amp;name=harbour&amp;key=AIzaSyCuYcs3cIUGJC-9Qk7J6YGwke9i5NZCIvs 
 status=200, reason=OK 
 body=&lt;?xml version="1.0" encoding="UTF-8"?&gt;
&lt;PlaceSearchResponse&gt;
 &lt;status&gt;REQUEST_DENIED&lt;/status&gt;
 &lt;error_message&gt;You must enable Billing on the Google Cloud Project at https://console.cloud.google.com/project/_/billing/enable Learn more at https://developers.google.com/maps/gmp-get-started&lt;/error_message&gt;
&lt;/PlaceSearchResponse&gt;
 
 </msg>
<msg timestamp="20200824 19:46:20.696" level="INFO">/Library/Frameworks/Python.framework/Versions/3.8/lib/python3.8/site-packages/urllib3/connectionpool.py:979: InsecureRequestWarning: Unverified HTTPS request is being made to host 'maps.googleapis.com'. Adding certificate verification is strongly advised. See: https://urllib3.readthedocs.io/en/latest/advanced-usage.html#ssl-warnings
  warnings.warn(</msg>
<msg timestamp="20200824 19:46:20.696" level="INFO">${response} = &lt;Response [200]&gt;</msg>
<status status="PASS" starttime="20200824 19:46:20.519" endtime="20200824 19:46:20.696"></status>
</kw>
<kw name="Log To Console" library="BuiltIn">
<doc>Logs the given message to the console.</doc>
<arguments>
<arg>Response Status Code is: ${response.status_code}</arg>
</arguments>
<status status="PASS" starttime="20200824 19:46:20.697" endtime="20200824 19:46:20.698"></status>
</kw>
<kw name="Log To Console" library="BuiltIn">
<doc>Logs the given message to the console.</doc>
<arguments>
<arg>Response Content is: ${response.content}</arg>
</arguments>
<status status="PASS" starttime="20200824 19:46:20.698" endtime="20200824 19:46:20.699"></status>
</kw>
<kw name="Log To Console" library="BuiltIn">
<doc>Logs the given message to the console.</doc>
<arguments>
<arg>Response Headers are: ${response.headers}</arg>
</arguments>
<status status="PASS" starttime="20200824 19:46:20.699" endtime="20200824 19:46:20.700"></status>
</kw>
<kw name="Convert To String" library="BuiltIn">
<doc>Converts the given item to a Unicode string.</doc>
<arguments>
<arg>${response.status_code}</arg>
</arguments>
<assign>
<var>${statusCode}</var>
</assign>
<msg timestamp="20200824 19:46:20.700" level="INFO">${statusCode} = 200</msg>
<status status="PASS" starttime="20200824 19:46:20.700" endtime="20200824 19:46:20.700"></status>
</kw>
<kw name="Should Be Equal" library="BuiltIn">
<doc>Fails if the given objects are unequal.</doc>
<arguments>
<arg>${statusCode}</arg>
<arg>200</arg>
</arguments>
<status status="PASS" starttime="20200824 19:46:20.701" endtime="20200824 19:46:20.701"></status>
</kw>
<status status="PASS" starttime="20200824 19:46:20.514" endtime="20200824 19:46:20.701" critical="yes"></status>
</test>
<status status="PASS" starttime="20200824 19:46:20.220" endtime="20200824 19:46:20.702"></status>
</suite>
<statistics>
<total>
<stat pass="1" fail="0">Critical Tests</stat>
<stat pass="1" fail="0">All Tests</stat>
</total>
<tag>
</tag>
<suite>
<stat pass="1" fail="0" id="s1" name="googleMapAPIKeyAuth">googleMapAPIKeyAuth</stat>
</suite>
</statistics>
<errors>
</errors>
</robot>
