<?xml version="1.0" encoding="UTF-8"?>
<robot generator="Robot 3.2.1 (Python 3.8.3 on darwin)" generated="20200822 21:00:28.873" rpa="false">
<suite id="s1" name="Suites">
<suite id="s1-s1" name="Datadrivencsv" source="/Users/Parihar08/PycharmProjects/SeleniumPythonSession/com/qa/robotframework/testcases/datadrivencsv.robot">
<kw name="openMyBrowser" library="login_resources" type="setup">
<kw name="Open Browser" library="SeleniumLibrary">
<doc>Opens a new browser instance to the given ``url``.</doc>
<arguments>
<arg>${appurl}</arg>
<arg>${appbrowser}</arg>
</arguments>
<msg timestamp="20200822 21:00:29.294" level="INFO">Opening browser 'chrome' to base url 'https://admin-demo.nopcommerce.com/'.</msg>
<status status="PASS" starttime="20200822 21:00:29.293" endtime="20200822 21:00:36.582"></status>
</kw>
<status status="PASS" starttime="20200822 21:00:29.293" endtime="20200822 21:00:36.584"></status>
</kw>
<test id="s1-s1-t1" name="LoginTestWithExcel using admin@yourstore.com and adm">
<kw name="Invalid Login">
<arguments>
<arg>admin@yourstore.com</arg>
<arg>adm</arg>
</arguments>
<kw name="inputUsername" library="login_resources">
<arguments>
<arg>${username}</arg>
</arguments>
<kw name="Input Text" library="SeleniumLibrary">
<doc>Types the given ``text`` into text field identified by ``locator``.</doc>
<arguments>
<arg>id:Email</arg>
<arg>${username}</arg>
</arguments>
<msg timestamp="20200822 21:00:36.593" level="INFO">Typing text 'admin@yourstore.com' into text field 'id:Email'.</msg>
<status status="PASS" starttime="20200822 21:00:36.593" endtime="20200822 21:00:37.023"></status>
</kw>
<status status="PASS" starttime="20200822 21:00:36.592" endtime="20200822 21:00:37.023"></status>
</kw>
<kw name="inputPassword" library="login_resources">
<arguments>
<arg>${password}</arg>
</arguments>
<kw name="Input Text" library="SeleniumLibrary">
<doc>Types the given ``text`` into text field identified by ``locator``.</doc>
<arguments>
<arg>id:Password</arg>
<arg>${password}</arg>
</arguments>
<msg timestamp="20200822 21:00:37.026" level="INFO">Typing text 'adm' into text field 'id:Password'.</msg>
<status status="PASS" starttime="20200822 21:00:37.025" endtime="20200822 21:00:37.366"></status>
</kw>
<status status="PASS" starttime="20200822 21:00:37.024" endtime="20200822 21:00:37.366"></status>
</kw>
<kw name="clickLoginBtn" library="login_resources">
<kw name="Click Element" library="SeleniumLibrary">
<doc>Click element identified by ``locator``.</doc>
<arguments>
<arg>xpath://input[@class='button-1 login-button']</arg>
</arguments>
<msg timestamp="20200822 21:00:37.367" level="INFO">Clicking element 'xpath://input[@class='button-1 login-button']'.</msg>
<status status="PASS" starttime="20200822 21:00:37.367" endtime="20200822 21:00:38.111"></status>
</kw>
<status status="PASS" starttime="20200822 21:00:37.366" endtime="20200822 21:00:38.112"></status>
</kw>
<kw name="IsErrorMsgVisible" library="login_resources">
<kw name="Page Should Contain" library="SeleniumLibrary">
<doc>Verifies that current page contains ``text``.</doc>
<arguments>
<arg>Login was unsuccessful</arg>
</arguments>
<msg timestamp="20200822 21:00:38.182" level="INFO">Current page contains text 'Login was unsuccessful'.</msg>
<status status="PASS" starttime="20200822 21:00:38.113" endtime="20200822 21:00:38.182"></status>
</kw>
<status status="PASS" starttime="20200822 21:00:38.112" endtime="20200822 21:00:38.183"></status>
</kw>
<kw name="waitFewSeconds" library="login_resources">
<kw name="Sleep" library="BuiltIn">
<doc>Pauses the test executed for the given time.</doc>
<arguments>
<arg>2</arg>
</arguments>
<msg timestamp="20200822 21:00:40.187" level="INFO">Slept 2 seconds</msg>
<status status="PASS" starttime="20200822 21:00:38.184" endtime="20200822 21:00:40.188"></status>
</kw>
<status status="PASS" starttime="20200822 21:00:38.183" endtime="20200822 21:00:40.188"></status>
</kw>
<status status="PASS" starttime="20200822 21:00:36.591" endtime="20200822 21:00:40.189"></status>
</kw>
<status status="PASS" starttime="20200822 21:00:36.585" endtime="20200822 21:00:40.189" critical="yes"></status>
</test>
<test id="s1-s1-t2" name="LoginTestWithExcel using adm@yourstore.com and admin">
<kw name="Invalid Login">
<arguments>
<arg>adm@yourstore.com</arg>
<arg>admin</arg>
</arguments>
<kw name="inputUsername" library="login_resources">
<arguments>
<arg>${username}</arg>
</arguments>
<kw name="Input Text" library="SeleniumLibrary">
<doc>Types the given ``text`` into text field identified by ``locator``.</doc>
<arguments>
<arg>id:Email</arg>
<arg>${username}</arg>
</arguments>
<msg timestamp="20200822 21:00:40.194" level="INFO">Typing text 'adm@yourstore.com' into text field 'id:Email'.</msg>
<status status="PASS" starttime="20200822 21:00:40.193" endtime="20200822 21:00:40.380"></status>
</kw>
<status status="PASS" starttime="20200822 21:00:40.192" endtime="20200822 21:00:40.381"></status>
</kw>
<kw name="inputPassword" library="login_resources">
<arguments>
<arg>${password}</arg>
</arguments>
<kw name="Input Text" library="SeleniumLibrary">
<doc>Types the given ``text`` into text field identified by ``locator``.</doc>
<arguments>
<arg>id:Password</arg>
<arg>${password}</arg>
</arguments>
<msg timestamp="20200822 21:00:40.383" level="INFO">Typing text 'admin' into text field 'id:Password'.</msg>
<status status="PASS" starttime="20200822 21:00:40.382" endtime="20200822 21:00:40.529"></status>
</kw>
<status status="PASS" starttime="20200822 21:00:40.381" endtime="20200822 21:00:40.530"></status>
</kw>
<kw name="clickLoginBtn" library="login_resources">
<kw name="Click Element" library="SeleniumLibrary">
<doc>Click element identified by ``locator``.</doc>
<arguments>
<arg>xpath://input[@class='button-1 login-button']</arg>
</arguments>
<msg timestamp="20200822 21:00:40.533" level="INFO">Clicking element 'xpath://input[@class='button-1 login-button']'.</msg>
<status status="PASS" starttime="20200822 21:00:40.532" endtime="20200822 21:00:40.959"></status>
</kw>
<status status="PASS" starttime="20200822 21:00:40.530" endtime="20200822 21:00:40.960"></status>
</kw>
<kw name="IsErrorMsgVisible" library="login_resources">
<kw name="Page Should Contain" library="SeleniumLibrary">
<doc>Verifies that current page contains ``text``.</doc>
<arguments>
<arg>Login was unsuccessful</arg>
</arguments>
<msg timestamp="20200822 21:00:40.980" level="INFO">Current page contains text 'Login was unsuccessful'.</msg>
<status status="PASS" starttime="20200822 21:00:40.961" endtime="20200822 21:00:40.981"></status>
</kw>
<status status="PASS" starttime="20200822 21:00:40.960" endtime="20200822 21:00:40.981"></status>
</kw>
<kw name="waitFewSeconds" library="login_resources">
<kw name="Sleep" library="BuiltIn">
<doc>Pauses the test executed for the given time.</doc>
<arguments>
<arg>2</arg>
</arguments>
<msg timestamp="20200822 21:00:42.984" level="INFO">Slept 2 seconds</msg>
<status status="PASS" starttime="20200822 21:00:40.982" endtime="20200822 21:00:42.984"></status>
</kw>
<status status="PASS" starttime="20200822 21:00:40.981" endtime="20200822 21:00:42.984"></status>
</kw>
<status status="PASS" starttime="20200822 21:00:40.192" endtime="20200822 21:00:42.985"></status>
</kw>
<status status="PASS" starttime="20200822 21:00:40.190" endtime="20200822 21:00:42.985" critical="yes"></status>
</test>
<test id="s1-s1-t3" name="LoginTestWithExcel using adm1@yourstore.com and adm">
<kw name="Invalid Login">
<arguments>
<arg>adm1@yourstore.com</arg>
<arg>adm</arg>
</arguments>
<kw name="inputUsername" library="login_resources">
<arguments>
<arg>${username}</arg>
</arguments>
<kw name="Input Text" library="SeleniumLibrary">
<doc>Types the given ``text`` into text field identified by ``locator``.</doc>
<arguments>
<arg>id:Email</arg>
<arg>${username}</arg>
</arguments>
<msg timestamp="20200822 21:00:42.990" level="INFO">Typing text 'adm1@yourstore.com' into text field 'id:Email'.</msg>
<status status="PASS" starttime="20200822 21:00:42.990" endtime="20200822 21:00:43.148"></status>
</kw>
<status status="PASS" starttime="20200822 21:00:42.989" endtime="20200822 21:00:43.149"></status>
</kw>
<kw name="inputPassword" library="login_resources">
<arguments>
<arg>${password}</arg>
</arguments>
<kw name="Input Text" library="SeleniumLibrary">
<doc>Types the given ``text`` into text field identified by ``locator``.</doc>
<arguments>
<arg>id:Password</arg>
<arg>${password}</arg>
</arguments>
<msg timestamp="20200822 21:00:43.150" level="INFO">Typing text 'adm' into text field 'id:Password'.</msg>
<status status="PASS" starttime="20200822 21:00:43.150" endtime="20200822 21:00:43.245"></status>
</kw>
<status status="PASS" starttime="20200822 21:00:43.149" endtime="20200822 21:00:43.245"></status>
</kw>
<kw name="clickLoginBtn" library="login_resources">
<kw name="Click Element" library="SeleniumLibrary">
<doc>Click element identified by ``locator``.</doc>
<arguments>
<arg>xpath://input[@class='button-1 login-button']</arg>
</arguments>
<msg timestamp="20200822 21:00:43.247" level="INFO">Clicking element 'xpath://input[@class='button-1 login-button']'.</msg>
<status status="PASS" starttime="20200822 21:00:43.247" endtime="20200822 21:00:43.636"></status>
</kw>
<status status="PASS" starttime="20200822 21:00:43.246" endtime="20200822 21:00:43.636"></status>
</kw>
<kw name="IsErrorMsgVisible" library="login_resources">
<kw name="Page Should Contain" library="SeleniumLibrary">
<doc>Verifies that current page contains ``text``.</doc>
<arguments>
<arg>Login was unsuccessful</arg>
</arguments>
<msg timestamp="20200822 21:00:43.660" level="INFO">Current page contains text 'Login was unsuccessful'.</msg>
<status status="PASS" starttime="20200822 21:00:43.637" endtime="20200822 21:00:43.661"></status>
</kw>
<status status="PASS" starttime="20200822 21:00:43.637" endtime="20200822 21:00:43.661"></status>
</kw>
<kw name="waitFewSeconds" library="login_resources">
<kw name="Sleep" library="BuiltIn">
<doc>Pauses the test executed for the given time.</doc>
<arguments>
<arg>2</arg>
</arguments>
<msg timestamp="20200822 21:00:45.662" level="INFO">Slept 2 seconds</msg>
<status status="PASS" starttime="20200822 21:00:43.662" endtime="20200822 21:00:45.663"></status>
</kw>
<status status="PASS" starttime="20200822 21:00:43.661" endtime="20200822 21:00:45.663"></status>
</kw>
<status status="PASS" starttime="20200822 21:00:42.988" endtime="20200822 21:00:45.664"></status>
</kw>
<status status="PASS" starttime="20200822 21:00:42.986" endtime="20200822 21:00:45.664" critical="yes"></status>
</test>
<kw name="quitBrowser" library="login_resources" type="teardown">
<kw name="Close Browser" library="SeleniumLibrary">
<doc>Closes the current browser.</doc>
<status status="PASS" starttime="20200822 21:00:45.668" endtime="20200822 21:00:45.781"></status>
</kw>
<status status="PASS" starttime="20200822 21:00:45.667" endtime="20200822 21:00:45.782"></status>
</kw>
<status status="PASS" starttime="20200822 21:00:28.921" endtime="20200822 21:00:45.782"></status>
</suite>
<status status="PASS" starttime="20200822 21:00:28.878" endtime="20200822 21:00:45.788"></status>
</suite>
<statistics>
<total>
<stat pass="3" fail="0">Critical Tests</stat>
<stat pass="3" fail="0">All Tests</stat>
</total>
<tag>
</tag>
<suite>
<stat pass="3" fail="0" id="s1" name="Suites">Suites</stat>
<stat pass="3" fail="0" id="s1-s1" name="Datadrivencsv">Suites.Datadrivencsv</stat>
</suite>
</statistics>
<errors>
</errors>
</robot>
