<?xml version="1.0" encoding="UTF-8"?>
<robot generator="Robot 3.2.1 (Python 3.8.3 on darwin)" generated="20200822 21:00:28.861" rpa="false">
<suite id="s1" name="Suites">
<suite id="s1-s1" name="Datadriven" source="/Users/Parihar08/PycharmProjects/SeleniumPythonSession/com/qa/robotframework/testcases/datadriven.robot">
<kw name="openMyBrowser" library="login_resources" type="setup">
<kw name="Open Browser" library="SeleniumLibrary">
<doc>Opens a new browser instance to the given ``url``.</doc>
<arguments>
<arg>${appurl}</arg>
<arg>${appbrowser}</arg>
</arguments>
<msg timestamp="20200822 21:00:29.258" level="INFO">Opening browser 'chrome' to base url 'https://admin-demo.nopcommerce.com/'.</msg>
<status status="PASS" starttime="20200822 21:00:29.257" endtime="20200822 21:00:36.746"></status>
</kw>
<status status="PASS" starttime="20200822 21:00:29.256" endtime="20200822 21:00:36.747"></status>
</kw>
<test id="s1-s1-t1" name="Correct User Empty password">
<kw name="Invalid Login">
<arguments>
<arg>admin@yourstore.com</arg>
<arg>${EMPTY}</arg>
</arguments>
<kw name="inputUsername" library="login_resources">
<arguments>
<arg>${username}</arg>
</arguments>
<kw name="Input Text" library="SeleniumLibrary">
<doc>Types the given ``text`` into text field identified by ``locator``.</doc>
<arguments>
<arg>id:Email</arg>
<arg>${username}</arg>
</arguments>
<msg timestamp="20200822 21:00:36.757" level="INFO">Typing text 'admin@yourstore.com' into text field 'id:Email'.</msg>
<status status="PASS" starttime="20200822 21:00:36.756" endtime="20200822 21:00:37.332"></status>
</kw>
<status status="PASS" starttime="20200822 21:00:36.754" endtime="20200822 21:00:37.333"></status>
</kw>
<kw name="inputPassword" library="login_resources">
<arguments>
<arg>${password}</arg>
</arguments>
<kw name="Input Text" library="SeleniumLibrary">
<doc>Types the given ``text`` into text field identified by ``locator``.</doc>
<arguments>
<arg>id:Password</arg>
<arg>${password}</arg>
</arguments>
<msg timestamp="20200822 21:00:37.335" level="INFO">Typing text '' into text field 'id:Password'.</msg>
<status status="PASS" starttime="20200822 21:00:37.334" endtime="20200822 21:00:37.488"></status>
</kw>
<status status="PASS" starttime="20200822 21:00:37.333" endtime="20200822 21:00:37.488"></status>
</kw>
<kw name="clickLoginBtn" library="login_resources">
<kw name="Click Element" library="SeleniumLibrary">
<doc>Click element identified by ``locator``.</doc>
<arguments>
<arg>xpath://input[@class='button-1 login-button']</arg>
</arguments>
<msg timestamp="20200822 21:00:37.490" level="INFO">Clicking element 'xpath://input[@class='button-1 login-button']'.</msg>
<status status="PASS" starttime="20200822 21:00:37.490" endtime="20200822 21:00:38.183"></status>
</kw>
<status status="PASS" starttime="20200822 21:00:37.489" endtime="20200822 21:00:38.183"></status>
</kw>
<kw name="IsErrorMsgVisible" library="login_resources">
<kw name="Page Should Contain" library="SeleniumLibrary">
<doc>Verifies that current page contains ``text``.</doc>
<arguments>
<arg>Login was unsuccessful</arg>
</arguments>
<msg timestamp="20200822 21:00:38.262" level="INFO">Current page contains text 'Login was unsuccessful'.</msg>
<status status="PASS" starttime="20200822 21:00:38.184" endtime="20200822 21:00:38.262"></status>
</kw>
<status status="PASS" starttime="20200822 21:00:38.183" endtime="20200822 21:00:38.263"></status>
</kw>
<kw name="waitFewSeconds" library="login_resources">
<kw name="Sleep" library="BuiltIn">
<doc>Pauses the test executed for the given time.</doc>
<arguments>
<arg>2</arg>
</arguments>
<msg timestamp="20200822 21:00:40.266" level="INFO">Slept 2 seconds</msg>
<status status="PASS" starttime="20200822 21:00:38.264" endtime="20200822 21:00:40.266"></status>
</kw>
<status status="PASS" starttime="20200822 21:00:38.263" endtime="20200822 21:00:40.266"></status>
</kw>
<status status="PASS" starttime="20200822 21:00:36.751" endtime="20200822 21:00:40.267"></status>
</kw>
<status status="PASS" starttime="20200822 21:00:36.747" endtime="20200822 21:00:40.267" critical="yes"></status>
</test>
<test id="s1-s1-t2" name="Correct User Wrong password">
<kw name="Invalid Login">
<arguments>
<arg>admin@yourstore.com</arg>
<arg>admin1</arg>
</arguments>
<kw name="inputUsername" library="login_resources">
<arguments>
<arg>${username}</arg>
</arguments>
<kw name="Input Text" library="SeleniumLibrary">
<doc>Types the given ``text`` into text field identified by ``locator``.</doc>
<arguments>
<arg>id:Email</arg>
<arg>${username}</arg>
</arguments>
<msg timestamp="20200822 21:00:40.271" level="INFO">Typing text 'admin@yourstore.com' into text field 'id:Email'.</msg>
<status status="PASS" starttime="20200822 21:00:40.271" endtime="20200822 21:00:40.544"></status>
</kw>
<status status="PASS" starttime="20200822 21:00:40.270" endtime="20200822 21:00:40.545"></status>
</kw>
<kw name="inputPassword" library="login_resources">
<arguments>
<arg>${password}</arg>
</arguments>
<kw name="Input Text" library="SeleniumLibrary">
<doc>Types the given ``text`` into text field identified by ``locator``.</doc>
<arguments>
<arg>id:Password</arg>
<arg>${password}</arg>
</arguments>
<msg timestamp="20200822 21:00:40.546" level="INFO">Typing text 'admin1' into text field 'id:Password'.</msg>
<status status="PASS" starttime="20200822 21:00:40.546" endtime="20200822 21:00:40.690"></status>
</kw>
<status status="PASS" starttime="20200822 21:00:40.545" endtime="20200822 21:00:40.691"></status>
</kw>
<kw name="clickLoginBtn" library="login_resources">
<kw name="Click Element" library="SeleniumLibrary">
<doc>Click element identified by ``locator``.</doc>
<arguments>
<arg>xpath://input[@class='button-1 login-button']</arg>
</arguments>
<msg timestamp="20200822 21:00:40.691" level="INFO">Clicking element 'xpath://input[@class='button-1 login-button']'.</msg>
<status status="PASS" starttime="20200822 21:00:40.691" endtime="20200822 21:00:41.113"></status>
</kw>
<status status="PASS" starttime="20200822 21:00:40.691" endtime="20200822 21:00:41.114"></status>
</kw>
<kw name="IsErrorMsgVisible" library="login_resources">
<kw name="Page Should Contain" library="SeleniumLibrary">
<doc>Verifies that current page contains ``text``.</doc>
<arguments>
<arg>Login was unsuccessful</arg>
</arguments>
<msg timestamp="20200822 21:00:41.138" level="INFO">Current page contains text 'Login was unsuccessful'.</msg>
<status status="PASS" starttime="20200822 21:00:41.116" endtime="20200822 21:00:41.138"></status>
</kw>
<status status="PASS" starttime="20200822 21:00:41.114" endtime="20200822 21:00:41.138"></status>
</kw>
<kw name="waitFewSeconds" library="login_resources">
<kw name="Sleep" library="BuiltIn">
<doc>Pauses the test executed for the given time.</doc>
<arguments>
<arg>2</arg>
</arguments>
<msg timestamp="20200822 21:00:43.139" level="INFO">Slept 2 seconds</msg>
<status status="PASS" starttime="20200822 21:00:41.139" endtime="20200822 21:00:43.140"></status>
</kw>
<status status="PASS" starttime="20200822 21:00:41.138" endtime="20200822 21:00:43.140"></status>
</kw>
<status status="PASS" starttime="20200822 21:00:40.269" endtime="20200822 21:00:43.141"></status>
</kw>
<status status="PASS" starttime="20200822 21:00:40.268" endtime="20200822 21:00:43.141" critical="yes"></status>
</test>
<test id="s1-s1-t3" name="Wrong User Wrong password">
<kw name="Invalid Login">
<arguments>
<arg>admin</arg>
<arg>admin1</arg>
</arguments>
<kw name="inputUsername" library="login_resources">
<arguments>
<arg>${username}</arg>
</arguments>
<kw name="Input Text" library="SeleniumLibrary">
<doc>Types the given ``text`` into text field identified by ``locator``.</doc>
<arguments>
<arg>id:Email</arg>
<arg>${username}</arg>
</arguments>
<msg timestamp="20200822 21:00:43.146" level="INFO">Typing text 'admin' into text field 'id:Email'.</msg>
<status status="PASS" starttime="20200822 21:00:43.145" endtime="20200822 21:00:43.251"></status>
</kw>
<status status="PASS" starttime="20200822 21:00:43.144" endtime="20200822 21:00:43.251"></status>
</kw>
<kw name="inputPassword" library="login_resources">
<arguments>
<arg>${password}</arg>
</arguments>
<kw name="Input Text" library="SeleniumLibrary">
<doc>Types the given ``text`` into text field identified by ``locator``.</doc>
<arguments>
<arg>id:Password</arg>
<arg>${password}</arg>
</arguments>
<msg timestamp="20200822 21:00:43.253" level="INFO">Typing text 'admin1' into text field 'id:Password'.</msg>
<status status="PASS" starttime="20200822 21:00:43.252" endtime="20200822 21:00:43.375"></status>
</kw>
<status status="PASS" starttime="20200822 21:00:43.252" endtime="20200822 21:00:43.375"></status>
</kw>
<kw name="clickLoginBtn" library="login_resources">
<kw name="Click Element" library="SeleniumLibrary">
<doc>Click element identified by ``locator``.</doc>
<arguments>
<arg>xpath://input[@class='button-1 login-button']</arg>
</arguments>
<msg timestamp="20200822 21:00:43.376" level="INFO">Clicking element 'xpath://input[@class='button-1 login-button']'.</msg>
<status status="PASS" starttime="20200822 21:00:43.376" endtime="20200822 21:00:43.445"></status>
</kw>
<status status="PASS" starttime="20200822 21:00:43.375" endtime="20200822 21:00:43.445"></status>
</kw>
<kw name="IsErrorMsgVisible" library="login_resources">
<kw name="Page Should Contain" library="SeleniumLibrary">
<doc>Verifies that current page contains ``text``.</doc>
<arguments>
<arg>Login was unsuccessful</arg>
</arguments>
<msg timestamp="20200822 21:00:43.458" level="INFO">Current page contains text 'Login was unsuccessful'.</msg>
<status status="PASS" starttime="20200822 21:00:43.446" endtime="20200822 21:00:43.458"></status>
</kw>
<status status="PASS" starttime="20200822 21:00:43.445" endtime="20200822 21:00:43.458"></status>
</kw>
<kw name="waitFewSeconds" library="login_resources">
<kw name="Sleep" library="BuiltIn">
<doc>Pauses the test executed for the given time.</doc>
<arguments>
<arg>2</arg>
</arguments>
<msg timestamp="20200822 21:00:45.460" level="INFO">Slept 2 seconds</msg>
<status status="PASS" starttime="20200822 21:00:43.459" endtime="20200822 21:00:45.461"></status>
</kw>
<status status="PASS" starttime="20200822 21:00:43.458" endtime="20200822 21:00:45.461"></status>
</kw>
<status status="PASS" starttime="20200822 21:00:43.143" endtime="20200822 21:00:45.461"></status>
</kw>
<status status="PASS" starttime="20200822 21:00:43.142" endtime="20200822 21:00:45.462" critical="yes"></status>
</test>
<test id="s1-s1-t4" name="Wrong User Empty password">
<kw name="Invalid Login">
<arguments>
<arg>admin@yourstore.com</arg>
<arg>${EMPTY}</arg>
</arguments>
<kw name="inputUsername" library="login_resources">
<arguments>
<arg>${username}</arg>
</arguments>
<kw name="Input Text" library="SeleniumLibrary">
<doc>Types the given ``text`` into text field identified by ``locator``.</doc>
<arguments>
<arg>id:Email</arg>
<arg>${username}</arg>
</arguments>
<msg timestamp="20200822 21:00:45.466" level="INFO">Typing text 'admin@yourstore.com' into text field 'id:Email'.</msg>
<status status="PASS" starttime="20200822 21:00:45.466" endtime="20200822 21:00:45.636"></status>
</kw>
<status status="PASS" starttime="20200822 21:00:45.465" endtime="20200822 21:00:45.636"></status>
</kw>
<kw name="inputPassword" library="login_resources">
<arguments>
<arg>${password}</arg>
</arguments>
<kw name="Input Text" library="SeleniumLibrary">
<doc>Types the given ``text`` into text field identified by ``locator``.</doc>
<arguments>
<arg>id:Password</arg>
<arg>${password}</arg>
</arguments>
<msg timestamp="20200822 21:00:45.637" level="INFO">Typing text '' into text field 'id:Password'.</msg>
<status status="PASS" starttime="20200822 21:00:45.637" endtime="20200822 21:00:45.722"></status>
</kw>
<status status="PASS" starttime="20200822 21:00:45.636" endtime="20200822 21:00:45.723"></status>
</kw>
<kw name="clickLoginBtn" library="login_resources">
<kw name="Click Element" library="SeleniumLibrary">
<doc>Click element identified by ``locator``.</doc>
<arguments>
<arg>xpath://input[@class='button-1 login-button']</arg>
</arguments>
<msg timestamp="20200822 21:00:45.725" level="INFO">Clicking element 'xpath://input[@class='button-1 login-button']'.</msg>
<status status="PASS" starttime="20200822 21:00:45.724" endtime="20200822 21:00:46.142"></status>
</kw>
<status status="PASS" starttime="20200822 21:00:45.723" endtime="20200822 21:00:46.143"></status>
</kw>
<kw name="IsErrorMsgVisible" library="login_resources">
<kw name="Page Should Contain" library="SeleniumLibrary">
<doc>Verifies that current page contains ``text``.</doc>
<arguments>
<arg>Login was unsuccessful</arg>
</arguments>
<msg timestamp="20200822 21:00:46.157" level="INFO">Current page contains text 'Login was unsuccessful'.</msg>
<status status="PASS" starttime="20200822 21:00:46.144" endtime="20200822 21:00:46.158"></status>
</kw>
<status status="PASS" starttime="20200822 21:00:46.143" endtime="20200822 21:00:46.158"></status>
</kw>
<kw name="waitFewSeconds" library="login_resources">
<kw name="Sleep" library="BuiltIn">
<doc>Pauses the test executed for the given time.</doc>
<arguments>
<arg>2</arg>
</arguments>
<msg timestamp="20200822 21:00:48.161" level="INFO">Slept 2 seconds</msg>
<status status="PASS" starttime="20200822 21:00:46.158" endtime="20200822 21:00:48.161"></status>
</kw>
<status status="PASS" starttime="20200822 21:00:46.158" endtime="20200822 21:00:48.162"></status>
</kw>
<status status="PASS" starttime="20200822 21:00:45.464" endtime="20200822 21:00:48.162"></status>
</kw>
<status status="PASS" starttime="20200822 21:00:45.463" endtime="20200822 21:00:48.162" critical="yes"></status>
</test>
<test id="s1-s1-t5" name="Wrong User Wrong password">
<kw name="Invalid Login">
<arguments>
<arg>admin</arg>
<arg>admin1</arg>
</arguments>
<kw name="inputUsername" library="login_resources">
<arguments>
<arg>${username}</arg>
</arguments>
<kw name="Input Text" library="SeleniumLibrary">
<doc>Types the given ``text`` into text field identified by ``locator``.</doc>
<arguments>
<arg>id:Email</arg>
<arg>${username}</arg>
</arguments>
<msg timestamp="20200822 21:00:48.168" level="INFO">Typing text 'admin' into text field 'id:Email'.</msg>
<status status="PASS" starttime="20200822 21:00:48.167" endtime="20200822 21:00:48.255"></status>
</kw>
<status status="PASS" starttime="20200822 21:00:48.166" endtime="20200822 21:00:48.256"></status>
</kw>
<kw name="inputPassword" library="login_resources">
<arguments>
<arg>${password}</arg>
</arguments>
<kw name="Input Text" library="SeleniumLibrary">
<doc>Types the given ``text`` into text field identified by ``locator``.</doc>
<arguments>
<arg>id:Password</arg>
<arg>${password}</arg>
</arguments>
<msg timestamp="20200822 21:00:48.257" level="INFO">Typing text 'admin1' into text field 'id:Password'.</msg>
<status status="PASS" starttime="20200822 21:00:48.257" endtime="20200822 21:00:48.358"></status>
</kw>
<status status="PASS" starttime="20200822 21:00:48.256" endtime="20200822 21:00:48.358"></status>
</kw>
<kw name="clickLoginBtn" library="login_resources">
<kw name="Click Element" library="SeleniumLibrary">
<doc>Click element identified by ``locator``.</doc>
<arguments>
<arg>xpath://input[@class='button-1 login-button']</arg>
</arguments>
<msg timestamp="20200822 21:00:48.359" level="INFO">Clicking element 'xpath://input[@class='button-1 login-button']'.</msg>
<status status="PASS" starttime="20200822 21:00:48.359" endtime="20200822 21:00:48.444"></status>
</kw>
<status status="PASS" starttime="20200822 21:00:48.359" endtime="20200822 21:00:48.444"></status>
</kw>
<kw name="IsErrorMsgVisible" library="login_resources">
<kw name="Page Should Contain" library="SeleniumLibrary">
<doc>Verifies that current page contains ``text``.</doc>
<arguments>
<arg>Login was unsuccessful</arg>
</arguments>
<msg timestamp="20200822 21:00:48.469" level="INFO">Current page contains text 'Login was unsuccessful'.</msg>
<status status="PASS" starttime="20200822 21:00:48.446" endtime="20200822 21:00:48.469"></status>
</kw>
<status status="PASS" starttime="20200822 21:00:48.445" endtime="20200822 21:00:48.469"></status>
</kw>
<kw name="waitFewSeconds" library="login_resources">
<kw name="Sleep" library="BuiltIn">
<doc>Pauses the test executed for the given time.</doc>
<arguments>
<arg>2</arg>
</arguments>
<msg timestamp="20200822 21:00:50.471" level="INFO">Slept 2 seconds</msg>
<status status="PASS" starttime="20200822 21:00:48.470" endtime="20200822 21:00:50.471"></status>
</kw>
<status status="PASS" starttime="20200822 21:00:48.469" endtime="20200822 21:00:50.471"></status>
</kw>
<status status="PASS" starttime="20200822 21:00:48.165" endtime="20200822 21:00:50.472"></status>
</kw>
<status status="PASS" starttime="20200822 21:00:48.164" endtime="20200822 21:00:50.472" critical="yes"></status>
</test>
<kw name="quitBrowser" library="login_resources" type="teardown">
<kw name="Close Browser" library="SeleniumLibrary">
<doc>Closes the current browser.</doc>
<status status="PASS" starttime="20200822 21:00:50.476" endtime="20200822 21:00:50.584"></status>
</kw>
<status status="PASS" starttime="20200822 21:00:50.475" endtime="20200822 21:00:50.585"></status>
</kw>
<status status="PASS" starttime="20200822 21:00:28.918" endtime="20200822 21:00:50.585"></status>
</suite>
<status status="PASS" starttime="20200822 21:00:28.866" endtime="20200822 21:00:50.598"></status>
</suite>
<statistics>
<total>
<stat pass="5" fail="0">Critical Tests</stat>
<stat pass="5" fail="0">All Tests</stat>
</total>
<tag>
</tag>
<suite>
<stat pass="5" fail="0" id="s1" name="Suites">Suites</stat>
<stat pass="5" fail="0" id="s1-s1" name="Datadriven">Suites.Datadriven</stat>
</suite>
</statistics>
<errors>
<msg timestamp="20200822 21:00:48.163" level="WARN">Multiple test cases with name 'Wrong User Wrong password' executed in test suite 'Suites.Datadriven'.</msg>
</errors>
</robot>
