<?xml version="1.0" encoding="UTF-8"?>
<robot generator="Rebot 3.2.1 (Python 3.8.3 on darwin)" generated="20200822 21:00:50.954" rpa="false">
<suite id="s1" name="Suites">
<suite id="s1-s1" name="Datadriven" source="/Users/Parihar08/PycharmProjects/SeleniumPythonSession/com/qa/robotframework/testcases/datadriven.robot">
<kw name="openMyBrowser" library="login_resources" type="setup">
<kw name="Open Browser" library="SeleniumLibrary">
<doc>Opens a new browser instance to the given ``url``.</doc>
<arguments>
<arg>${appurl}</arg>
<arg>${appbrowser}</arg>
</arguments>
<msg timestamp="20200822 21:00:29.258" level="INFO">Opening browser 'chrome' to base url 'https://admin-demo.nopcommerce.com/'.</msg>
<status status="PASS" starttime="20200822 21:00:29.257" endtime="20200822 21:00:36.746"></status>
</kw>
<status status="PASS" starttime="20200822 21:00:29.256" endtime="20200822 21:00:36.747"></status>
</kw>
<kw name="quitBrowser" library="login_resources" type="teardown">
<kw name="Close Browser" library="SeleniumLibrary">
<doc>Closes the current browser.</doc>
<status status="PASS" starttime="20200822 21:00:50.476" endtime="20200822 21:00:50.584"></status>
</kw>
<status status="PASS" starttime="20200822 21:00:50.475" endtime="20200822 21:00:50.585"></status>
</kw>
<test id="s1-s1-t1" name="Correct User Empty password">
<kw name="Invalid Login">
<arguments>
<arg>admin@yourstore.com</arg>
<arg>${EMPTY}</arg>
</arguments>
<kw name="inputUsername" library="login_resources">
<arguments>
<arg>${username}</arg>
</arguments>
<kw name="Input Text" library="SeleniumLibrary">
<doc>Types the given ``text`` into text field identified by ``locator``.</doc>
<arguments>
<arg>id:Email</arg>
<arg>${username}</arg>
</arguments>
<msg timestamp="20200822 21:00:36.757" level="INFO">Typing text 'admin@yourstore.com' into text field 'id:Email'.</msg>
<status status="PASS" starttime="20200822 21:00:36.756" endtime="20200822 21:00:37.332"></status>
</kw>
<status status="PASS" starttime="20200822 21:00:36.754" endtime="20200822 21:00:37.333"></status>
</kw>
<kw name="inputPassword" library="login_resources">
<arguments>
<arg>${password}</arg>
</arguments>
<kw name="Input Text" library="SeleniumLibrary">
<doc>Types the given ``text`` into text field identified by ``locator``.</doc>
<arguments>
<arg>id:Password</arg>
<arg>${password}</arg>
</arguments>
<msg timestamp="20200822 21:00:37.335" level="INFO">Typing text '' into text field 'id:Password'.</msg>
<status status="PASS" starttime="20200822 21:00:37.334" endtime="20200822 21:00:37.488"></status>
</kw>
<status status="PASS" starttime="20200822 21:00:37.333" endtime="20200822 21:00:37.488"></status>
</kw>
<kw name="clickLoginBtn" library="login_resources">
<kw name="Click Element" library="SeleniumLibrary">
<doc>Click element identified by ``locator``.</doc>
<arguments>
<arg>xpath://input[@class='button-1 login-button']</arg>
</arguments>
<msg timestamp="20200822 21:00:37.490" level="INFO">Clicking element 'xpath://input[@class='button-1 login-button']'.</msg>
<status status="PASS" starttime="20200822 21:00:37.490" endtime="20200822 21:00:38.183"></status>
</kw>
<status status="PASS" starttime="20200822 21:00:37.489" endtime="20200822 21:00:38.183"></status>
</kw>
<kw name="IsErrorMsgVisible" library="login_resources">
<kw name="Page Should Contain" library="SeleniumLibrary">
<doc>Verifies that current page contains ``text``.</doc>
<arguments>
<arg>Login was unsuccessful</arg>
</arguments>
<msg timestamp="20200822 21:00:38.262" level="INFO">Current page contains text 'Login was unsuccessful'.</msg>
<status status="PASS" starttime="20200822 21:00:38.184" endtime="20200822 21:00:38.262"></status>
</kw>
<status status="PASS" starttime="20200822 21:00:38.183" endtime="20200822 21:00:38.263"></status>
</kw>
<kw name="waitFewSeconds" library="login_resources">
<kw name="Sleep" library="BuiltIn">
<doc>Pauses the test executed for the given time.</doc>
<arguments>
<arg>2</arg>
</arguments>
<msg timestamp="20200822 21:00:40.266" level="INFO">Slept 2 seconds</msg>
<status status="PASS" starttime="20200822 21:00:38.264" endtime="20200822 21:00:40.266"></status>
</kw>
<status status="PASS" starttime="20200822 21:00:38.263" endtime="20200822 21:00:40.266"></status>
</kw>
<status status="PASS" starttime="20200822 21:00:36.751" endtime="20200822 21:00:40.267"></status>
</kw>
<status status="PASS" starttime="20200822 21:00:36.747" endtime="20200822 21:00:40.267" critical="yes"></status>
</test>
<test id="s1-s1-t2" name="Correct User Wrong password">
<kw name="Invalid Login">
<arguments>
<arg>admin@yourstore.com</arg>
<arg>admin1</arg>
</arguments>
<kw name="inputUsername" library="login_resources">
<arguments>
<arg>${username}</arg>
</arguments>
<kw name="Input Text" library="SeleniumLibrary">
<doc>Types the given ``text`` into text field identified by ``locator``.</doc>
<arguments>
<arg>id:Email</arg>
<arg>${username}</arg>
</arguments>
<msg timestamp="20200822 21:00:40.271" level="INFO">Typing text 'admin@yourstore.com' into text field 'id:Email'.</msg>
<status status="PASS" starttime="20200822 21:00:40.271" endtime="20200822 21:00:40.544"></status>
</kw>
<status status="PASS" starttime="20200822 21:00:40.270" endtime="20200822 21:00:40.545"></status>
</kw>
<kw name="inputPassword" library="login_resources">
<arguments>
<arg>${password}</arg>
</arguments>
<kw name="Input Text" library="SeleniumLibrary">
<doc>Types the given ``text`` into text field identified by ``locator``.</doc>
<arguments>
<arg>id:Password</arg>
<arg>${password}</arg>
</arguments>
<msg timestamp="20200822 21:00:40.546" level="INFO">Typing text 'admin1' into text field 'id:Password'.</msg>
<status status="PASS" starttime="20200822 21:00:40.546" endtime="20200822 21:00:40.690"></status>
</kw>
<status status="PASS" starttime="20200822 21:00:40.545" endtime="20200822 21:00:40.691"></status>
</kw>
<kw name="clickLoginBtn" library="login_resources">
<kw name="Click Element" library="SeleniumLibrary">
<doc>Click element identified by ``locator``.</doc>
<arguments>
<arg>xpath://input[@class='button-1 login-button']</arg>
</arguments>
<msg timestamp="20200822 21:00:40.691" level="INFO">Clicking element 'xpath://input[@class='button-1 login-button']'.</msg>
<status status="PASS" starttime="20200822 21:00:40.691" endtime="20200822 21:00:41.113"></status>
</kw>
<status status="PASS" starttime="20200822 21:00:40.691" endtime="20200822 21:00:41.114"></status>
</kw>
<kw name="IsErrorMsgVisible" library="login_resources">
<kw name="Page Should Contain" library="SeleniumLibrary">
<doc>Verifies that current page contains ``text``.</doc>
<arguments>
<arg>Login was unsuccessful</arg>
</arguments>
<msg timestamp="20200822 21:00:41.138" level="INFO">Current page contains text 'Login was unsuccessful'.</msg>
<status status="PASS" starttime="20200822 21:00:41.116" endtime="20200822 21:00:41.138"></status>
</kw>
<status status="PASS" starttime="20200822 21:00:41.114" endtime="20200822 21:00:41.138"></status>
</kw>
<kw name="waitFewSeconds" library="login_resources">
<kw name="Sleep" library="BuiltIn">
<doc>Pauses the test executed for the given time.</doc>
<arguments>
<arg>2</arg>
</arguments>
<msg timestamp="20200822 21:00:43.139" level="INFO">Slept 2 seconds</msg>
<status status="PASS" starttime="20200822 21:00:41.139" endtime="20200822 21:00:43.140"></status>
</kw>
<status status="PASS" starttime="20200822 21:00:41.138" endtime="20200822 21:00:43.140"></status>
</kw>
<status status="PASS" starttime="20200822 21:00:40.269" endtime="20200822 21:00:43.141"></status>
</kw>
<status status="PASS" starttime="20200822 21:00:40.268" endtime="20200822 21:00:43.141" critical="yes"></status>
</test>
<test id="s1-s1-t3" name="Wrong User Wrong password">
<kw name="Invalid Login">
<arguments>
<arg>admin</arg>
<arg>admin1</arg>
</arguments>
<kw name="inputUsername" library="login_resources">
<arguments>
<arg>${username}</arg>
</arguments>
<kw name="Input Text" library="SeleniumLibrary">
<doc>Types the given ``text`` into text field identified by ``locator``.</doc>
<arguments>
<arg>id:Email</arg>
<arg>${username}</arg>
</arguments>
<msg timestamp="20200822 21:00:43.146" level="INFO">Typing text 'admin' into text field 'id:Email'.</msg>
<status status="PASS" starttime="20200822 21:00:43.145" endtime="20200822 21:00:43.251"></status>
</kw>
<status status="PASS" starttime="20200822 21:00:43.144" endtime="20200822 21:00:43.251"></status>
</kw>
<kw name="inputPassword" library="login_resources">
<arguments>
<arg>${password}</arg>
</arguments>
<kw name="Input Text" library="SeleniumLibrary">
<doc>Types the given ``text`` into text field identified by ``locator``.</doc>
<arguments>
<arg>id:Password</arg>
<arg>${password}</arg>
</arguments>
<msg timestamp="20200822 21:00:43.253" level="INFO">Typing text 'admin1' into text field 'id:Password'.</msg>
<status status="PASS" starttime="20200822 21:00:43.252" endtime="20200822 21:00:43.375"></status>
</kw>
<status status="PASS" starttime="20200822 21:00:43.252" endtime="20200822 21:00:43.375"></status>
</kw>
<kw name="clickLoginBtn" library="login_resources">
<kw name="Click Element" library="SeleniumLibrary">
<doc>Click element identified by ``locator``.</doc>
<arguments>
<arg>xpath://input[@class='button-1 login-button']</arg>
</arguments>
<msg timestamp="20200822 21:00:43.376" level="INFO">Clicking element 'xpath://input[@class='button-1 login-button']'.</msg>
<status status="PASS" starttime="20200822 21:00:43.376" endtime="20200822 21:00:43.445"></status>
</kw>
<status status="PASS" starttime="20200822 21:00:43.375" endtime="20200822 21:00:43.445"></status>
</kw>
<kw name="IsErrorMsgVisible" library="login_resources">
<kw name="Page Should Contain" library="SeleniumLibrary">
<doc>Verifies that current page contains ``text``.</doc>
<arguments>
<arg>Login was unsuccessful</arg>
</arguments>
<msg timestamp="20200822 21:00:43.458" level="INFO">Current page contains text 'Login was unsuccessful'.</msg>
<status status="PASS" starttime="20200822 21:00:43.446" endtime="20200822 21:00:43.458"></status>
</kw>
<status status="PASS" starttime="20200822 21:00:43.445" endtime="20200822 21:00:43.458"></status>
</kw>
<kw name="waitFewSeconds" library="login_resources">
<kw name="Sleep" library="BuiltIn">
<doc>Pauses the test executed for the given time.</doc>
<arguments>
<arg>2</arg>
</arguments>
<msg timestamp="20200822 21:00:45.460" level="INFO">Slept 2 seconds</msg>
<status status="PASS" starttime="20200822 21:00:43.459" endtime="20200822 21:00:45.461"></status>
</kw>
<status status="PASS" starttime="20200822 21:00:43.458" endtime="20200822 21:00:45.461"></status>
</kw>
<status status="PASS" starttime="20200822 21:00:43.143" endtime="20200822 21:00:45.461"></status>
</kw>
<status status="PASS" starttime="20200822 21:00:43.142" endtime="20200822 21:00:45.462" critical="yes"></status>
</test>
<test id="s1-s1-t4" name="Wrong User Empty password">
<kw name="Invalid Login">
<arguments>
<arg>admin@yourstore.com</arg>
<arg>${EMPTY}</arg>
</arguments>
<kw name="inputUsername" library="login_resources">
<arguments>
<arg>${username}</arg>
</arguments>
<kw name="Input Text" library="SeleniumLibrary">
<doc>Types the given ``text`` into text field identified by ``locator``.</doc>
<arguments>
<arg>id:Email</arg>
<arg>${username}</arg>
</arguments>
<msg timestamp="20200822 21:00:45.466" level="INFO">Typing text 'admin@yourstore.com' into text field 'id:Email'.</msg>
<status status="PASS" starttime="20200822 21:00:45.466" endtime="20200822 21:00:45.636"></status>
</kw>
<status status="PASS" starttime="20200822 21:00:45.465" endtime="20200822 21:00:45.636"></status>
</kw>
<kw name="inputPassword" library="login_resources">
<arguments>
<arg>${password}</arg>
</arguments>
<kw name="Input Text" library="SeleniumLibrary">
<doc>Types the given ``text`` into text field identified by ``locator``.</doc>
<arguments>
<arg>id:Password</arg>
<arg>${password}</arg>
</arguments>
<msg timestamp="20200822 21:00:45.637" level="INFO">Typing text '' into text field 'id:Password'.</msg>
<status status="PASS" starttime="20200822 21:00:45.637" endtime="20200822 21:00:45.722"></status>
</kw>
<status status="PASS" starttime="20200822 21:00:45.636" endtime="20200822 21:00:45.723"></status>
</kw>
<kw name="clickLoginBtn" library="login_resources">
<kw name="Click Element" library="SeleniumLibrary">
<doc>Click element identified by ``locator``.</doc>
<arguments>
<arg>xpath://input[@class='button-1 login-button']</arg>
</arguments>
<msg timestamp="20200822 21:00:45.725" level="INFO">Clicking element 'xpath://input[@class='button-1 login-button']'.</msg>
<status status="PASS" starttime="20200822 21:00:45.724" endtime="20200822 21:00:46.142"></status>
</kw>
<status status="PASS" starttime="20200822 21:00:45.723" endtime="20200822 21:00:46.143"></status>
</kw>
<kw name="IsErrorMsgVisible" library="login_resources">
<kw name="Page Should Contain" library="SeleniumLibrary">
<doc>Verifies that current page contains ``text``.</doc>
<arguments>
<arg>Login was unsuccessful</arg>
</arguments>
<msg timestamp="20200822 21:00:46.157" level="INFO">Current page contains text 'Login was unsuccessful'.</msg>
<status status="PASS" starttime="20200822 21:00:46.144" endtime="20200822 21:00:46.158"></status>
</kw>
<status status="PASS" starttime="20200822 21:00:46.143" endtime="20200822 21:00:46.158"></status>
</kw>
<kw name="waitFewSeconds" library="login_resources">
<kw name="Sleep" library="BuiltIn">
<doc>Pauses the test executed for the given time.</doc>
<arguments>
<arg>2</arg>
</arguments>
<msg timestamp="20200822 21:00:48.161" level="INFO">Slept 2 seconds</msg>
<status status="PASS" starttime="20200822 21:00:46.158" endtime="20200822 21:00:48.161"></status>
</kw>
<status status="PASS" starttime="20200822 21:00:46.158" endtime="20200822 21:00:48.162"></status>
</kw>
<status status="PASS" starttime="20200822 21:00:45.464" endtime="20200822 21:00:48.162"></status>
</kw>
<status status="PASS" starttime="20200822 21:00:45.463" endtime="20200822 21:00:48.162" critical="yes"></status>
</test>
<test id="s1-s1-t5" name="Wrong User Wrong password">
<kw name="Invalid Login">
<arguments>
<arg>admin</arg>
<arg>admin1</arg>
</arguments>
<kw name="inputUsername" library="login_resources">
<arguments>
<arg>${username}</arg>
</arguments>
<kw name="Input Text" library="SeleniumLibrary">
<doc>Types the given ``text`` into text field identified by ``locator``.</doc>
<arguments>
<arg>id:Email</arg>
<arg>${username}</arg>
</arguments>
<msg timestamp="20200822 21:00:48.168" level="INFO">Typing text 'admin' into text field 'id:Email'.</msg>
<status status="PASS" starttime="20200822 21:00:48.167" endtime="20200822 21:00:48.255"></status>
</kw>
<status status="PASS" starttime="20200822 21:00:48.166" endtime="20200822 21:00:48.256"></status>
</kw>
<kw name="inputPassword" library="login_resources">
<arguments>
<arg>${password}</arg>
</arguments>
<kw name="Input Text" library="SeleniumLibrary">
<doc>Types the given ``text`` into text field identified by ``locator``.</doc>
<arguments>
<arg>id:Password</arg>
<arg>${password}</arg>
</arguments>
<msg timestamp="20200822 21:00:48.257" level="INFO">Typing text 'admin1' into text field 'id:Password'.</msg>
<status status="PASS" starttime="20200822 21:00:48.257" endtime="20200822 21:00:48.358"></status>
</kw>
<status status="PASS" starttime="20200822 21:00:48.256" endtime="20200822 21:00:48.358"></status>
</kw>
<kw name="clickLoginBtn" library="login_resources">
<kw name="Click Element" library="SeleniumLibrary">
<doc>Click element identified by ``locator``.</doc>
<arguments>
<arg>xpath://input[@class='button-1 login-button']</arg>
</arguments>
<msg timestamp="20200822 21:00:48.359" level="INFO">Clicking element 'xpath://input[@class='button-1 login-button']'.</msg>
<status status="PASS" starttime="20200822 21:00:48.359" endtime="20200822 21:00:48.444"></status>
</kw>
<status status="PASS" starttime="20200822 21:00:48.359" endtime="20200822 21:00:48.444"></status>
</kw>
<kw name="IsErrorMsgVisible" library="login_resources">
<kw name="Page Should Contain" library="SeleniumLibrary">
<doc>Verifies that current page contains ``text``.</doc>
<arguments>
<arg>Login was unsuccessful</arg>
</arguments>
<msg timestamp="20200822 21:00:48.469" level="INFO">Current page contains text 'Login was unsuccessful'.</msg>
<status status="PASS" starttime="20200822 21:00:48.446" endtime="20200822 21:00:48.469"></status>
</kw>
<status status="PASS" starttime="20200822 21:00:48.445" endtime="20200822 21:00:48.469"></status>
</kw>
<kw name="waitFewSeconds" library="login_resources">
<kw name="Sleep" library="BuiltIn">
<doc>Pauses the test executed for the given time.</doc>
<arguments>
<arg>2</arg>
</arguments>
<msg timestamp="20200822 21:00:50.471" level="INFO">Slept 2 seconds</msg>
<status status="PASS" starttime="20200822 21:00:48.470" endtime="20200822 21:00:50.471"></status>
</kw>
<status status="PASS" starttime="20200822 21:00:48.469" endtime="20200822 21:00:50.471"></status>
</kw>
<status status="PASS" starttime="20200822 21:00:48.165" endtime="20200822 21:00:50.472"></status>
</kw>
<status status="PASS" starttime="20200822 21:00:48.164" endtime="20200822 21:00:50.472" critical="yes"></status>
</test>
<status status="PASS" starttime="20200822 21:00:28.918" endtime="20200822 21:00:50.585"></status>
</suite>
<suite id="s1-s2" name="Datadrivencsv" source="/Users/Parihar08/PycharmProjects/SeleniumPythonSession/com/qa/robotframework/testcases/datadrivencsv.robot">
<kw name="openMyBrowser" library="login_resources" type="setup">
<kw name="Open Browser" library="SeleniumLibrary">
<doc>Opens a new browser instance to the given ``url``.</doc>
<arguments>
<arg>${appurl}</arg>
<arg>${appbrowser}</arg>
</arguments>
<msg timestamp="20200822 21:00:29.294" level="INFO">Opening browser 'chrome' to base url 'https://admin-demo.nopcommerce.com/'.</msg>
<status status="PASS" starttime="20200822 21:00:29.293" endtime="20200822 21:00:36.582"></status>
</kw>
<status status="PASS" starttime="20200822 21:00:29.293" endtime="20200822 21:00:36.584"></status>
</kw>
<kw name="quitBrowser" library="login_resources" type="teardown">
<kw name="Close Browser" library="SeleniumLibrary">
<doc>Closes the current browser.</doc>
<status status="PASS" starttime="20200822 21:00:45.668" endtime="20200822 21:00:45.781"></status>
</kw>
<status status="PASS" starttime="20200822 21:00:45.667" endtime="20200822 21:00:45.782"></status>
</kw>
<test id="s1-s2-t1" name="LoginTestWithExcel using admin@yourstore.com and adm">
<kw name="Invalid Login">
<arguments>
<arg>admin@yourstore.com</arg>
<arg>adm</arg>
</arguments>
<kw name="inputUsername" library="login_resources">
<arguments>
<arg>${username}</arg>
</arguments>
<kw name="Input Text" library="SeleniumLibrary">
<doc>Types the given ``text`` into text field identified by ``locator``.</doc>
<arguments>
<arg>id:Email</arg>
<arg>${username}</arg>
</arguments>
<msg timestamp="20200822 21:00:36.593" level="INFO">Typing text 'admin@yourstore.com' into text field 'id:Email'.</msg>
<status status="PASS" starttime="20200822 21:00:36.593" endtime="20200822 21:00:37.023"></status>
</kw>
<status status="PASS" starttime="20200822 21:00:36.592" endtime="20200822 21:00:37.023"></status>
</kw>
<kw name="inputPassword" library="login_resources">
<arguments>
<arg>${password}</arg>
</arguments>
<kw name="Input Text" library="SeleniumLibrary">
<doc>Types the given ``text`` into text field identified by ``locator``.</doc>
<arguments>
<arg>id:Password</arg>
<arg>${password}</arg>
</arguments>
<msg timestamp="20200822 21:00:37.026" level="INFO">Typing text 'adm' into text field 'id:Password'.</msg>
<status status="PASS" starttime="20200822 21:00:37.025" endtime="20200822 21:00:37.366"></status>
</kw>
<status status="PASS" starttime="20200822 21:00:37.024" endtime="20200822 21:00:37.366"></status>
</kw>
<kw name="clickLoginBtn" library="login_resources">
<kw name="Click Element" library="SeleniumLibrary">
<doc>Click element identified by ``locator``.</doc>
<arguments>
<arg>xpath://input[@class='button-1 login-button']</arg>
</arguments>
<msg timestamp="20200822 21:00:37.367" level="INFO">Clicking element 'xpath://input[@class='button-1 login-button']'.</msg>
<status status="PASS" starttime="20200822 21:00:37.367" endtime="20200822 21:00:38.111"></status>
</kw>
<status status="PASS" starttime="20200822 21:00:37.366" endtime="20200822 21:00:38.112"></status>
</kw>
<kw name="IsErrorMsgVisible" library="login_resources">
<kw name="Page Should Contain" library="SeleniumLibrary">
<doc>Verifies that current page contains ``text``.</doc>
<arguments>
<arg>Login was unsuccessful</arg>
</arguments>
<msg timestamp="20200822 21:00:38.182" level="INFO">Current page contains text 'Login was unsuccessful'.</msg>
<status status="PASS" starttime="20200822 21:00:38.113" endtime="20200822 21:00:38.182"></status>
</kw>
<status status="PASS" starttime="20200822 21:00:38.112" endtime="20200822 21:00:38.183"></status>
</kw>
<kw name="waitFewSeconds" library="login_resources">
<kw name="Sleep" library="BuiltIn">
<doc>Pauses the test executed for the given time.</doc>
<arguments>
<arg>2</arg>
</arguments>
<msg timestamp="20200822 21:00:40.187" level="INFO">Slept 2 seconds</msg>
<status status="PASS" starttime="20200822 21:00:38.184" endtime="20200822 21:00:40.188"></status>
</kw>
<status status="PASS" starttime="20200822 21:00:38.183" endtime="20200822 21:00:40.188"></status>
</kw>
<status status="PASS" starttime="20200822 21:00:36.591" endtime="20200822 21:00:40.189"></status>
</kw>
<status status="PASS" starttime="20200822 21:00:36.585" endtime="20200822 21:00:40.189" critical="yes"></status>
</test>
<test id="s1-s2-t2" name="LoginTestWithExcel using adm@yourstore.com and admin">
<kw name="Invalid Login">
<arguments>
<arg>adm@yourstore.com</arg>
<arg>admin</arg>
</arguments>
<kw name="inputUsername" library="login_resources">
<arguments>
<arg>${username}</arg>
</arguments>
<kw name="Input Text" library="SeleniumLibrary">
<doc>Types the given ``text`` into text field identified by ``locator``.</doc>
<arguments>
<arg>id:Email</arg>
<arg>${username}</arg>
</arguments>
<msg timestamp="20200822 21:00:40.194" level="INFO">Typing text 'adm@yourstore.com' into text field 'id:Email'.</msg>
<status status="PASS" starttime="20200822 21:00:40.193" endtime="20200822 21:00:40.380"></status>
</kw>
<status status="PASS" starttime="20200822 21:00:40.192" endtime="20200822 21:00:40.381"></status>
</kw>
<kw name="inputPassword" library="login_resources">
<arguments>
<arg>${password}</arg>
</arguments>
<kw name="Input Text" library="SeleniumLibrary">
<doc>Types the given ``text`` into text field identified by ``locator``.</doc>
<arguments>
<arg>id:Password</arg>
<arg>${password}</arg>
</arguments>
<msg timestamp="20200822 21:00:40.383" level="INFO">Typing text 'admin' into text field 'id:Password'.</msg>
<status status="PASS" starttime="20200822 21:00:40.382" endtime="20200822 21:00:40.529"></status>
</kw>
<status status="PASS" starttime="20200822 21:00:40.381" endtime="20200822 21:00:40.530"></status>
</kw>
<kw name="clickLoginBtn" library="login_resources">
<kw name="Click Element" library="SeleniumLibrary">
<doc>Click element identified by ``locator``.</doc>
<arguments>
<arg>xpath://input[@class='button-1 login-button']</arg>
</arguments>
<msg timestamp="20200822 21:00:40.533" level="INFO">Clicking element 'xpath://input[@class='button-1 login-button']'.</msg>
<status status="PASS" starttime="20200822 21:00:40.532" endtime="20200822 21:00:40.959"></status>
</kw>
<status status="PASS" starttime="20200822 21:00:40.530" endtime="20200822 21:00:40.960"></status>
</kw>
<kw name="IsErrorMsgVisible" library="login_resources">
<kw name="Page Should Contain" library="SeleniumLibrary">
<doc>Verifies that current page contains ``text``.</doc>
<arguments>
<arg>Login was unsuccessful</arg>
</arguments>
<msg timestamp="20200822 21:00:40.980" level="INFO">Current page contains text 'Login was unsuccessful'.</msg>
<status status="PASS" starttime="20200822 21:00:40.961" endtime="20200822 21:00:40.981"></status>
</kw>
<status status="PASS" starttime="20200822 21:00:40.960" endtime="20200822 21:00:40.981"></status>
</kw>
<kw name="waitFewSeconds" library="login_resources">
<kw name="Sleep" library="BuiltIn">
<doc>Pauses the test executed for the given time.</doc>
<arguments>
<arg>2</arg>
</arguments>
<msg timestamp="20200822 21:00:42.984" level="INFO">Slept 2 seconds</msg>
<status status="PASS" starttime="20200822 21:00:40.982" endtime="20200822 21:00:42.984"></status>
</kw>
<status status="PASS" starttime="20200822 21:00:40.981" endtime="20200822 21:00:42.984"></status>
</kw>
<status status="PASS" starttime="20200822 21:00:40.192" endtime="20200822 21:00:42.985"></status>
</kw>
<status status="PASS" starttime="20200822 21:00:40.190" endtime="20200822 21:00:42.985" critical="yes"></status>
</test>
<test id="s1-s2-t3" name="LoginTestWithExcel using adm1@yourstore.com and adm">
<kw name="Invalid Login">
<arguments>
<arg>adm1@yourstore.com</arg>
<arg>adm</arg>
</arguments>
<kw name="inputUsername" library="login_resources">
<arguments>
<arg>${username}</arg>
</arguments>
<kw name="Input Text" library="SeleniumLibrary">
<doc>Types the given ``text`` into text field identified by ``locator``.</doc>
<arguments>
<arg>id:Email</arg>
<arg>${username}</arg>
</arguments>
<msg timestamp="20200822 21:00:42.990" level="INFO">Typing text 'adm1@yourstore.com' into text field 'id:Email'.</msg>
<status status="PASS" starttime="20200822 21:00:42.990" endtime="20200822 21:00:43.148"></status>
</kw>
<status status="PASS" starttime="20200822 21:00:42.989" endtime="20200822 21:00:43.149"></status>
</kw>
<kw name="inputPassword" library="login_resources">
<arguments>
<arg>${password}</arg>
</arguments>
<kw name="Input Text" library="SeleniumLibrary">
<doc>Types the given ``text`` into text field identified by ``locator``.</doc>
<arguments>
<arg>id:Password</arg>
<arg>${password}</arg>
</arguments>
<msg timestamp="20200822 21:00:43.150" level="INFO">Typing text 'adm' into text field 'id:Password'.</msg>
<status status="PASS" starttime="20200822 21:00:43.150" endtime="20200822 21:00:43.245"></status>
</kw>
<status status="PASS" starttime="20200822 21:00:43.149" endtime="20200822 21:00:43.245"></status>
</kw>
<kw name="clickLoginBtn" library="login_resources">
<kw name="Click Element" library="SeleniumLibrary">
<doc>Click element identified by ``locator``.</doc>
<arguments>
<arg>xpath://input[@class='button-1 login-button']</arg>
</arguments>
<msg timestamp="20200822 21:00:43.247" level="INFO">Clicking element 'xpath://input[@class='button-1 login-button']'.</msg>
<status status="PASS" starttime="20200822 21:00:43.247" endtime="20200822 21:00:43.636"></status>
</kw>
<status status="PASS" starttime="20200822 21:00:43.246" endtime="20200822 21:00:43.636"></status>
</kw>
<kw name="IsErrorMsgVisible" library="login_resources">
<kw name="Page Should Contain" library="SeleniumLibrary">
<doc>Verifies that current page contains ``text``.</doc>
<arguments>
<arg>Login was unsuccessful</arg>
</arguments>
<msg timestamp="20200822 21:00:43.660" level="INFO">Current page contains text 'Login was unsuccessful'.</msg>
<status status="PASS" starttime="20200822 21:00:43.637" endtime="20200822 21:00:43.661"></status>
</kw>
<status status="PASS" starttime="20200822 21:00:43.637" endtime="20200822 21:00:43.661"></status>
</kw>
<kw name="waitFewSeconds" library="login_resources">
<kw name="Sleep" library="BuiltIn">
<doc>Pauses the test executed for the given time.</doc>
<arguments>
<arg>2</arg>
</arguments>
<msg timestamp="20200822 21:00:45.662" level="INFO">Slept 2 seconds</msg>
<status status="PASS" starttime="20200822 21:00:43.662" endtime="20200822 21:00:45.663"></status>
</kw>
<status status="PASS" starttime="20200822 21:00:43.661" endtime="20200822 21:00:45.663"></status>
</kw>
<status status="PASS" starttime="20200822 21:00:42.988" endtime="20200822 21:00:45.664"></status>
</kw>
<status status="PASS" starttime="20200822 21:00:42.986" endtime="20200822 21:00:45.664" critical="yes"></status>
</test>
<status status="PASS" starttime="20200822 21:00:28.921" endtime="20200822 21:00:45.782"></status>
</suite>
<suite id="s1-s3" name="Datadrivenexcel" source="/Users/Parihar08/PycharmProjects/SeleniumPythonSession/com/qa/robotframework/testcases/datadrivenexcel.robot">
<kw name="openMyBrowser" library="login_resources" type="setup">
<kw name="Open Browser" library="SeleniumLibrary">
<doc>Opens a new browser instance to the given ``url``.</doc>
<arguments>
<arg>${appurl}</arg>
<arg>${appbrowser}</arg>
</arguments>
<msg timestamp="20200822 21:00:31.846" level="INFO">Opening browser 'chrome' to base url 'https://admin-demo.nopcommerce.com/'.</msg>
<status status="PASS" starttime="20200822 21:00:31.845" endtime="20200822 21:00:38.869"></status>
</kw>
<status status="PASS" starttime="20200822 21:00:31.844" endtime="20200822 21:00:38.871"></status>
</kw>
<kw name="quitBrowser" library="login_resources" type="teardown">
<kw name="Close Browser" library="SeleniumLibrary">
<doc>Closes the current browser.</doc>
<status status="PASS" starttime="20200822 21:00:47.089" endtime="20200822 21:00:47.216"></status>
</kw>
<status status="PASS" starttime="20200822 21:00:47.088" endtime="20200822 21:00:47.216"></status>
</kw>
<test id="s1-s3-t1" name="LoginTestWithExcel using admin@yourstore.com and adm">
<kw name="Invalid Login">
<arguments>
<arg>admin@yourstore.com</arg>
<arg>adm</arg>
</arguments>
<kw name="inputUsername" library="login_resources">
<arguments>
<arg>${username}</arg>
</arguments>
<kw name="Input Text" library="SeleniumLibrary">
<doc>Types the given ``text`` into text field identified by ``locator``.</doc>
<arguments>
<arg>id:Email</arg>
<arg>${username}</arg>
</arguments>
<msg timestamp="20200822 21:00:38.880" level="INFO">Typing text 'admin@yourstore.com' into text field 'id:Email'.</msg>
<status status="PASS" starttime="20200822 21:00:38.879" endtime="20200822 21:00:39.184"></status>
</kw>
<status status="PASS" starttime="20200822 21:00:38.877" endtime="20200822 21:00:39.184"></status>
</kw>
<kw name="inputPassword" library="login_resources">
<arguments>
<arg>${password}</arg>
</arguments>
<kw name="Input Text" library="SeleniumLibrary">
<doc>Types the given ``text`` into text field identified by ``locator``.</doc>
<arguments>
<arg>id:Password</arg>
<arg>${password}</arg>
</arguments>
<msg timestamp="20200822 21:00:39.185" level="INFO">Typing text 'adm' into text field 'id:Password'.</msg>
<status status="PASS" starttime="20200822 21:00:39.185" endtime="20200822 21:00:39.304"></status>
</kw>
<status status="PASS" starttime="20200822 21:00:39.184" endtime="20200822 21:00:39.305"></status>
</kw>
<kw name="clickLoginBtn" library="login_resources">
<kw name="Click Element" library="SeleniumLibrary">
<doc>Click element identified by ``locator``.</doc>
<arguments>
<arg>xpath://input[@class='button-1 login-button']</arg>
</arguments>
<msg timestamp="20200822 21:00:39.306" level="INFO">Clicking element 'xpath://input[@class='button-1 login-button']'.</msg>
<status status="PASS" starttime="20200822 21:00:39.306" endtime="20200822 21:00:39.869"></status>
</kw>
<status status="PASS" starttime="20200822 21:00:39.305" endtime="20200822 21:00:39.870"></status>
</kw>
<kw name="IsErrorMsgVisible" library="login_resources">
<kw name="Page Should Contain" library="SeleniumLibrary">
<doc>Verifies that current page contains ``text``.</doc>
<arguments>
<arg>Login was unsuccessful</arg>
</arguments>
<msg timestamp="20200822 21:00:39.905" level="INFO">Current page contains text 'Login was unsuccessful'.</msg>
<status status="PASS" starttime="20200822 21:00:39.872" endtime="20200822 21:00:39.905"></status>
</kw>
<status status="PASS" starttime="20200822 21:00:39.871" endtime="20200822 21:00:39.906"></status>
</kw>
<kw name="waitFewSeconds" library="login_resources">
<kw name="Sleep" library="BuiltIn">
<doc>Pauses the test executed for the given time.</doc>
<arguments>
<arg>2</arg>
</arguments>
<msg timestamp="20200822 21:00:41.910" level="INFO">Slept 2 seconds</msg>
<status status="PASS" starttime="20200822 21:00:39.907" endtime="20200822 21:00:41.910"></status>
</kw>
<status status="PASS" starttime="20200822 21:00:39.906" endtime="20200822 21:00:41.911"></status>
</kw>
<status status="PASS" starttime="20200822 21:00:38.876" endtime="20200822 21:00:41.911"></status>
</kw>
<status status="PASS" starttime="20200822 21:00:38.871" endtime="20200822 21:00:41.911" critical="yes"></status>
</test>
<test id="s1-s3-t2" name="LoginTestWithExcel using adm@yourstore.com and admin">
<kw name="Invalid Login">
<arguments>
<arg>adm@yourstore.com</arg>
<arg>admin</arg>
</arguments>
<kw name="inputUsername" library="login_resources">
<arguments>
<arg>${username}</arg>
</arguments>
<kw name="Input Text" library="SeleniumLibrary">
<doc>Types the given ``text`` into text field identified by ``locator``.</doc>
<arguments>
<arg>id:Email</arg>
<arg>${username}</arg>
</arguments>
<msg timestamp="20200822 21:00:41.916" level="INFO">Typing text 'adm@yourstore.com' into text field 'id:Email'.</msg>
<status status="PASS" starttime="20200822 21:00:41.916" endtime="20200822 21:00:42.070"></status>
</kw>
<status status="PASS" starttime="20200822 21:00:41.915" endtime="20200822 21:00:42.070"></status>
</kw>
<kw name="inputPassword" library="login_resources">
<arguments>
<arg>${password}</arg>
</arguments>
<kw name="Input Text" library="SeleniumLibrary">
<doc>Types the given ``text`` into text field identified by ``locator``.</doc>
<arguments>
<arg>id:Password</arg>
<arg>${password}</arg>
</arguments>
<msg timestamp="20200822 21:00:42.072" level="INFO">Typing text 'admin' into text field 'id:Password'.</msg>
<status status="PASS" starttime="20200822 21:00:42.071" endtime="20200822 21:00:42.170"></status>
</kw>
<status status="PASS" starttime="20200822 21:00:42.070" endtime="20200822 21:00:42.170"></status>
</kw>
<kw name="clickLoginBtn" library="login_resources">
<kw name="Click Element" library="SeleniumLibrary">
<doc>Click element identified by ``locator``.</doc>
<arguments>
<arg>xpath://input[@class='button-1 login-button']</arg>
</arguments>
<msg timestamp="20200822 21:00:42.171" level="INFO">Clicking element 'xpath://input[@class='button-1 login-button']'.</msg>
<status status="PASS" starttime="20200822 21:00:42.171" endtime="20200822 21:00:42.442"></status>
</kw>
<status status="PASS" starttime="20200822 21:00:42.170" endtime="20200822 21:00:42.442"></status>
</kw>
<kw name="IsErrorMsgVisible" library="login_resources">
<kw name="Page Should Contain" library="SeleniumLibrary">
<doc>Verifies that current page contains ``text``.</doc>
<arguments>
<arg>Login was unsuccessful</arg>
</arguments>
<msg timestamp="20200822 21:00:42.464" level="INFO">Current page contains text 'Login was unsuccessful'.</msg>
<status status="PASS" starttime="20200822 21:00:42.444" endtime="20200822 21:00:42.464"></status>
</kw>
<status status="PASS" starttime="20200822 21:00:42.442" endtime="20200822 21:00:42.464"></status>
</kw>
<kw name="waitFewSeconds" library="login_resources">
<kw name="Sleep" library="BuiltIn">
<doc>Pauses the test executed for the given time.</doc>
<arguments>
<arg>2</arg>
</arguments>
<msg timestamp="20200822 21:00:44.468" level="INFO">Slept 2 seconds</msg>
<status status="PASS" starttime="20200822 21:00:42.465" endtime="20200822 21:00:44.468"></status>
</kw>
<status status="PASS" starttime="20200822 21:00:42.465" endtime="20200822 21:00:44.469"></status>
</kw>
<status status="PASS" starttime="20200822 21:00:41.914" endtime="20200822 21:00:44.469"></status>
</kw>
<status status="PASS" starttime="20200822 21:00:41.913" endtime="20200822 21:00:44.469" critical="yes"></status>
</test>
<test id="s1-s3-t3" name="LoginTestWithExcel using adm@yourstore.com and adm">
<kw name="Invalid Login">
<arguments>
<arg>adm@yourstore.com</arg>
<arg>adm</arg>
</arguments>
<kw name="inputUsername" library="login_resources">
<arguments>
<arg>${username}</arg>
</arguments>
<kw name="Input Text" library="SeleniumLibrary">
<doc>Types the given ``text`` into text field identified by ``locator``.</doc>
<arguments>
<arg>id:Email</arg>
<arg>${username}</arg>
</arguments>
<msg timestamp="20200822 21:00:44.475" level="INFO">Typing text 'adm@yourstore.com' into text field 'id:Email'.</msg>
<status status="PASS" starttime="20200822 21:00:44.474" endtime="20200822 21:00:44.625"></status>
</kw>
<status status="PASS" starttime="20200822 21:00:44.473" endtime="20200822 21:00:44.626"></status>
</kw>
<kw name="inputPassword" library="login_resources">
<arguments>
<arg>${password}</arg>
</arguments>
<kw name="Input Text" library="SeleniumLibrary">
<doc>Types the given ``text`` into text field identified by ``locator``.</doc>
<arguments>
<arg>id:Password</arg>
<arg>${password}</arg>
</arguments>
<msg timestamp="20200822 21:00:44.628" level="INFO">Typing text 'adm' into text field 'id:Password'.</msg>
<status status="PASS" starttime="20200822 21:00:44.627" endtime="20200822 21:00:44.711"></status>
</kw>
<status status="PASS" starttime="20200822 21:00:44.626" endtime="20200822 21:00:44.712"></status>
</kw>
<kw name="clickLoginBtn" library="login_resources">
<kw name="Click Element" library="SeleniumLibrary">
<doc>Click element identified by ``locator``.</doc>
<arguments>
<arg>xpath://input[@class='button-1 login-button']</arg>
</arguments>
<msg timestamp="20200822 21:00:44.713" level="INFO">Clicking element 'xpath://input[@class='button-1 login-button']'.</msg>
<status status="PASS" starttime="20200822 21:00:44.713" endtime="20200822 21:00:45.057"></status>
</kw>
<status status="PASS" starttime="20200822 21:00:44.712" endtime="20200822 21:00:45.058"></status>
</kw>
<kw name="IsErrorMsgVisible" library="login_resources">
<kw name="Page Should Contain" library="SeleniumLibrary">
<doc>Verifies that current page contains ``text``.</doc>
<arguments>
<arg>Login was unsuccessful</arg>
</arguments>
<msg timestamp="20200822 21:00:45.078" level="INFO">Current page contains text 'Login was unsuccessful'.</msg>
<status status="PASS" starttime="20200822 21:00:45.061" endtime="20200822 21:00:45.079"></status>
</kw>
<status status="PASS" starttime="20200822 21:00:45.059" endtime="20200822 21:00:45.080"></status>
</kw>
<kw name="waitFewSeconds" library="login_resources">
<kw name="Sleep" library="BuiltIn">
<doc>Pauses the test executed for the given time.</doc>
<arguments>
<arg>2</arg>
</arguments>
<msg timestamp="20200822 21:00:47.084" level="INFO">Slept 2 seconds</msg>
<status status="PASS" starttime="20200822 21:00:45.081" endtime="20200822 21:00:47.085"></status>
</kw>
<status status="PASS" starttime="20200822 21:00:45.080" endtime="20200822 21:00:47.085"></status>
</kw>
<status status="PASS" starttime="20200822 21:00:44.472" endtime="20200822 21:00:47.085"></status>
</kw>
<status status="PASS" starttime="20200822 21:00:44.470" endtime="20200822 21:00:47.086" critical="yes"></status>
</test>
<status status="PASS" starttime="20200822 21:00:28.936" endtime="20200822 21:00:47.217"></status>
</suite>
<doc>[https://pabot.org/?ref=log|Pabot] result from 3 executions.</doc>
<status status="PASS" starttime="20200822 21:00:28.866" endtime="20200822 21:00:50.598"></status>
</suite>
<statistics>
<total>
<stat pass="11" fail="0">Critical Tests</stat>
<stat pass="11" fail="0">All Tests</stat>
</total>
<tag>
</tag>
<suite>
<stat pass="11" fail="0" id="s1" name="Suites">Suites</stat>
<stat pass="5" fail="0" id="s1-s1" name="Datadriven">Suites.Datadriven</stat>
<stat pass="3" fail="0" id="s1-s2" name="Datadrivencsv">Suites.Datadrivencsv</stat>
<stat pass="3" fail="0" id="s1-s3" name="Datadrivenexcel">Suites.Datadrivenexcel</stat>
</suite>
</statistics>
<errors>
<msg timestamp="20200822 21:00:48.163" level="WARN">Multiple test cases with name 'Wrong User Wrong password' executed in test suite 'Suites.Datadriven'.</msg>
</errors>
</robot>
