<?xml version="1.0" encoding="UTF-8"?>
<robot generator="Robot 3.2.1 (Python 3.8.3 on darwin)" generated="20200822 21:00:28.884" rpa="false">
<suite id="s1" name="Suites">
<suite id="s1-s1" name="Datadrivenexcel" source="/Users/Parihar08/PycharmProjects/SeleniumPythonSession/com/qa/robotframework/testcases/datadrivenexcel.robot">
<kw name="openMyBrowser" library="login_resources" type="setup">
<kw name="Open Browser" library="SeleniumLibrary">
<doc>Opens a new browser instance to the given ``url``.</doc>
<arguments>
<arg>${appurl}</arg>
<arg>${appbrowser}</arg>
</arguments>
<msg timestamp="20200822 21:00:31.846" level="INFO">Opening browser 'chrome' to base url 'https://admin-demo.nopcommerce.com/'.</msg>
<status status="PASS" starttime="20200822 21:00:31.845" endtime="20200822 21:00:38.869"></status>
</kw>
<status status="PASS" starttime="20200822 21:00:31.844" endtime="20200822 21:00:38.871"></status>
</kw>
<test id="s1-s1-t1" name="LoginTestWithExcel using admin@yourstore.com and adm">
<kw name="Invalid Login">
<arguments>
<arg>admin@yourstore.com</arg>
<arg>adm</arg>
</arguments>
<kw name="inputUsername" library="login_resources">
<arguments>
<arg>${username}</arg>
</arguments>
<kw name="Input Text" library="SeleniumLibrary">
<doc>Types the given ``text`` into text field identified by ``locator``.</doc>
<arguments>
<arg>id:Email</arg>
<arg>${username}</arg>
</arguments>
<msg timestamp="20200822 21:00:38.880" level="INFO">Typing text 'admin@yourstore.com' into text field 'id:Email'.</msg>
<status status="PASS" starttime="20200822 21:00:38.879" endtime="20200822 21:00:39.184"></status>
</kw>
<status status="PASS" starttime="20200822 21:00:38.877" endtime="20200822 21:00:39.184"></status>
</kw>
<kw name="inputPassword" library="login_resources">
<arguments>
<arg>${password}</arg>
</arguments>
<kw name="Input Text" library="SeleniumLibrary">
<doc>Types the given ``text`` into text field identified by ``locator``.</doc>
<arguments>
<arg>id:Password</arg>
<arg>${password}</arg>
</arguments>
<msg timestamp="20200822 21:00:39.185" level="INFO">Typing text 'adm' into text field 'id:Password'.</msg>
<status status="PASS" starttime="20200822 21:00:39.185" endtime="20200822 21:00:39.304"></status>
</kw>
<status status="PASS" starttime="20200822 21:00:39.184" endtime="20200822 21:00:39.305"></status>
</kw>
<kw name="clickLoginBtn" library="login_resources">
<kw name="Click Element" library="SeleniumLibrary">
<doc>Click element identified by ``locator``.</doc>
<arguments>
<arg>xpath://input[@class='button-1 login-button']</arg>
</arguments>
<msg timestamp="20200822 21:00:39.306" level="INFO">Clicking element 'xpath://input[@class='button-1 login-button']'.</msg>
<status status="PASS" starttime="20200822 21:00:39.306" endtime="20200822 21:00:39.869"></status>
</kw>
<status status="PASS" starttime="20200822 21:00:39.305" endtime="20200822 21:00:39.870"></status>
</kw>
<kw name="IsErrorMsgVisible" library="login_resources">
<kw name="Page Should Contain" library="SeleniumLibrary">
<doc>Verifies that current page contains ``text``.</doc>
<arguments>
<arg>Login was unsuccessful</arg>
</arguments>
<msg timestamp="20200822 21:00:39.905" level="INFO">Current page contains text 'Login was unsuccessful'.</msg>
<status status="PASS" starttime="20200822 21:00:39.872" endtime="20200822 21:00:39.905"></status>
</kw>
<status status="PASS" starttime="20200822 21:00:39.871" endtime="20200822 21:00:39.906"></status>
</kw>
<kw name="waitFewSeconds" library="login_resources">
<kw name="Sleep" library="BuiltIn">
<doc>Pauses the test executed for the given time.</doc>
<arguments>
<arg>2</arg>
</arguments>
<msg timestamp="20200822 21:00:41.910" level="INFO">Slept 2 seconds</msg>
<status status="PASS" starttime="20200822 21:00:39.907" endtime="20200822 21:00:41.910"></status>
</kw>
<status status="PASS" starttime="20200822 21:00:39.906" endtime="20200822 21:00:41.911"></status>
</kw>
<status status="PASS" starttime="20200822 21:00:38.876" endtime="20200822 21:00:41.911"></status>
</kw>
<status status="PASS" starttime="20200822 21:00:38.871" endtime="20200822 21:00:41.911" critical="yes"></status>
</test>
<test id="s1-s1-t2" name="LoginTestWithExcel using adm@yourstore.com and admin">
<kw name="Invalid Login">
<arguments>
<arg>adm@yourstore.com</arg>
<arg>admin</arg>
</arguments>
<kw name="inputUsername" library="login_resources">
<arguments>
<arg>${username}</arg>
</arguments>
<kw name="Input Text" library="SeleniumLibrary">
<doc>Types the given ``text`` into text field identified by ``locator``.</doc>
<arguments>
<arg>id:Email</arg>
<arg>${username}</arg>
</arguments>
<msg timestamp="20200822 21:00:41.916" level="INFO">Typing text 'adm@yourstore.com' into text field 'id:Email'.</msg>
<status status="PASS" starttime="20200822 21:00:41.916" endtime="20200822 21:00:42.070"></status>
</kw>
<status status="PASS" starttime="20200822 21:00:41.915" endtime="20200822 21:00:42.070"></status>
</kw>
<kw name="inputPassword" library="login_resources">
<arguments>
<arg>${password}</arg>
</arguments>
<kw name="Input Text" library="SeleniumLibrary">
<doc>Types the given ``text`` into text field identified by ``locator``.</doc>
<arguments>
<arg>id:Password</arg>
<arg>${password}</arg>
</arguments>
<msg timestamp="20200822 21:00:42.072" level="INFO">Typing text 'admin' into text field 'id:Password'.</msg>
<status status="PASS" starttime="20200822 21:00:42.071" endtime="20200822 21:00:42.170"></status>
</kw>
<status status="PASS" starttime="20200822 21:00:42.070" endtime="20200822 21:00:42.170"></status>
</kw>
<kw name="clickLoginBtn" library="login_resources">
<kw name="Click Element" library="SeleniumLibrary">
<doc>Click element identified by ``locator``.</doc>
<arguments>
<arg>xpath://input[@class='button-1 login-button']</arg>
</arguments>
<msg timestamp="20200822 21:00:42.171" level="INFO">Clicking element 'xpath://input[@class='button-1 login-button']'.</msg>
<status status="PASS" starttime="20200822 21:00:42.171" endtime="20200822 21:00:42.442"></status>
</kw>
<status status="PASS" starttime="20200822 21:00:42.170" endtime="20200822 21:00:42.442"></status>
</kw>
<kw name="IsErrorMsgVisible" library="login_resources">
<kw name="Page Should Contain" library="SeleniumLibrary">
<doc>Verifies that current page contains ``text``.</doc>
<arguments>
<arg>Login was unsuccessful</arg>
</arguments>
<msg timestamp="20200822 21:00:42.464" level="INFO">Current page contains text 'Login was unsuccessful'.</msg>
<status status="PASS" starttime="20200822 21:00:42.444" endtime="20200822 21:00:42.464"></status>
</kw>
<status status="PASS" starttime="20200822 21:00:42.442" endtime="20200822 21:00:42.464"></status>
</kw>
<kw name="waitFewSeconds" library="login_resources">
<kw name="Sleep" library="BuiltIn">
<doc>Pauses the test executed for the given time.</doc>
<arguments>
<arg>2</arg>
</arguments>
<msg timestamp="20200822 21:00:44.468" level="INFO">Slept 2 seconds</msg>
<status status="PASS" starttime="20200822 21:00:42.465" endtime="20200822 21:00:44.468"></status>
</kw>
<status status="PASS" starttime="20200822 21:00:42.465" endtime="20200822 21:00:44.469"></status>
</kw>
<status status="PASS" starttime="20200822 21:00:41.914" endtime="20200822 21:00:44.469"></status>
</kw>
<status status="PASS" starttime="20200822 21:00:41.913" endtime="20200822 21:00:44.469" critical="yes"></status>
</test>
<test id="s1-s1-t3" name="LoginTestWithExcel using adm@yourstore.com and adm">
<kw name="Invalid Login">
<arguments>
<arg>adm@yourstore.com</arg>
<arg>adm</arg>
</arguments>
<kw name="inputUsername" library="login_resources">
<arguments>
<arg>${username}</arg>
</arguments>
<kw name="Input Text" library="SeleniumLibrary">
<doc>Types the given ``text`` into text field identified by ``locator``.</doc>
<arguments>
<arg>id:Email</arg>
<arg>${username}</arg>
</arguments>
<msg timestamp="20200822 21:00:44.475" level="INFO">Typing text 'adm@yourstore.com' into text field 'id:Email'.</msg>
<status status="PASS" starttime="20200822 21:00:44.474" endtime="20200822 21:00:44.625"></status>
</kw>
<status status="PASS" starttime="20200822 21:00:44.473" endtime="20200822 21:00:44.626"></status>
</kw>
<kw name="inputPassword" library="login_resources">
<arguments>
<arg>${password}</arg>
</arguments>
<kw name="Input Text" library="SeleniumLibrary">
<doc>Types the given ``text`` into text field identified by ``locator``.</doc>
<arguments>
<arg>id:Password</arg>
<arg>${password}</arg>
</arguments>
<msg timestamp="20200822 21:00:44.628" level="INFO">Typing text 'adm' into text field 'id:Password'.</msg>
<status status="PASS" starttime="20200822 21:00:44.627" endtime="20200822 21:00:44.711"></status>
</kw>
<status status="PASS" starttime="20200822 21:00:44.626" endtime="20200822 21:00:44.712"></status>
</kw>
<kw name="clickLoginBtn" library="login_resources">
<kw name="Click Element" library="SeleniumLibrary">
<doc>Click element identified by ``locator``.</doc>
<arguments>
<arg>xpath://input[@class='button-1 login-button']</arg>
</arguments>
<msg timestamp="20200822 21:00:44.713" level="INFO">Clicking element 'xpath://input[@class='button-1 login-button']'.</msg>
<status status="PASS" starttime="20200822 21:00:44.713" endtime="20200822 21:00:45.057"></status>
</kw>
<status status="PASS" starttime="20200822 21:00:44.712" endtime="20200822 21:00:45.058"></status>
</kw>
<kw name="IsErrorMsgVisible" library="login_resources">
<kw name="Page Should Contain" library="SeleniumLibrary">
<doc>Verifies that current page contains ``text``.</doc>
<arguments>
<arg>Login was unsuccessful</arg>
</arguments>
<msg timestamp="20200822 21:00:45.078" level="INFO">Current page contains text 'Login was unsuccessful'.</msg>
<status status="PASS" starttime="20200822 21:00:45.061" endtime="20200822 21:00:45.079"></status>
</kw>
<status status="PASS" starttime="20200822 21:00:45.059" endtime="20200822 21:00:45.080"></status>
</kw>
<kw name="waitFewSeconds" library="login_resources">
<kw name="Sleep" library="BuiltIn">
<doc>Pauses the test executed for the given time.</doc>
<arguments>
<arg>2</arg>
</arguments>
<msg timestamp="20200822 21:00:47.084" level="INFO">Slept 2 seconds</msg>
<status status="PASS" starttime="20200822 21:00:45.081" endtime="20200822 21:00:47.085"></status>
</kw>
<status status="PASS" starttime="20200822 21:00:45.080" endtime="20200822 21:00:47.085"></status>
</kw>
<status status="PASS" starttime="20200822 21:00:44.472" endtime="20200822 21:00:47.085"></status>
</kw>
<status status="PASS" starttime="20200822 21:00:44.470" endtime="20200822 21:00:47.086" critical="yes"></status>
</test>
<kw name="quitBrowser" library="login_resources" type="teardown">
<kw name="Close Browser" library="SeleniumLibrary">
<doc>Closes the current browser.</doc>
<status status="PASS" starttime="20200822 21:00:47.089" endtime="20200822 21:00:47.216"></status>
</kw>
<status status="PASS" starttime="20200822 21:00:47.088" endtime="20200822 21:00:47.216"></status>
</kw>
<status status="PASS" starttime="20200822 21:00:28.936" endtime="20200822 21:00:47.217"></status>
</suite>
<status status="PASS" starttime="20200822 21:00:28.889" endtime="20200822 21:00:47.224"></status>
</suite>
<statistics>
<total>
<stat pass="3" fail="0">Critical Tests</stat>
<stat pass="3" fail="0">All Tests</stat>
</total>
<tag>
</tag>
<suite>
<stat pass="3" fail="0" id="s1" name="Suites">Suites</stat>
<stat pass="3" fail="0" id="s1-s1" name="Datadrivenexcel">Suites.Datadrivenexcel</stat>
</suite>
</statistics>
<errors>
</errors>
</robot>
